2026-03-06 12:03:15,293 - 祁족역迦 - 珂쇌：2026-03-06 12:03:15
2026-03-06 12:03:17,253 - Ep 10 | Reward: 1119.84 |  LR_Cont: 1.00e-04|true_time: 793.88|avg_time: 461.59|avg_cost: 262.14 - 珂쇌：2026-03-06 12:03:17
2026-03-06 12:03:17,253 - uav_uti: 1658.49|dn_uti: 885.52|cn_uti: 772.96 - 珂쇌：2026-03-06 12:03:17
2026-03-06 12:03:17,253 - dn_contract [8497.0, 8141.0, 7670.0, 5155.0, 1141.0, 145.09, 140.02, 130.14, 95.65, 28.31] | cn_contract [[0, 3], [1], [2, 4], 9207.81, 6931.34, 2820.84, 7.11, 7.06, 6.89] - 珂쇌：2026-03-06 12:03:17
2026-03-06 12:03:17,254 -  W_all is [ 9.         6.2       97.        19.        16.599998  24.8
  2.8000002 24.6      ] - 珂쇌：2026-03-06 12:03:17
2026-03-06 12:03:20,545 - Ep 20 | Reward: 1087.69 |  LR_Cont: 1.00e-04|true_time: 416.50|avg_time: 430.98|avg_cost: 245.49 - 珂쇌：2026-03-06 12:03:20
2026-03-06 12:03:20,545 - uav_uti: 1361.07|dn_uti: 712.50|cn_uti: 648.57 - 珂쇌：2026-03-06 12:03:20
2026-03-06 12:03:20,546 - dn_contract [5047.0, 4326.0, 3201.0, 2308.0, 1008.0, 84.92, 73.61, 60.72, 54.78, 25.26] | cn_contract [[0, 3], [1], [2, 4], 4827.29, 3683.2, 1478.85, 8.94, 4.67, 1.44] - 珂쇌：2026-03-06 12:03:20
2026-03-06 12:03:20,546 -  W_all is [24.8      29.       25.        3.4      26.800001 67.6      13.6
  9.8     ] - 珂쇌：2026-03-06 12:03:20
2026-03-06 12:03:23,937 - Ep 30 | Reward: 1114.21 |  LR_Cont: 1.00e-04|true_time: 296.55|avg_time: 454.92|avg_cost: 258.31 - 珂쇌：2026-03-06 12:03:23
2026-03-06 12:03:23,937 - uav_uti: 1137.88|dn_uti: 574.03|cn_uti: 563.85 - 珂쇌：2026-03-06 12:03:23
2026-03-06 12:03:23,937 - dn_contract [3276.0, 3043.0, 2154.0, 1187.0, 539.0, 64.09, 53.66, 40.61, 32.82, 19.44] | cn_contract [[0, 3], [1], [2, 4], 2868.5, 2590.84, 916.14, 7.12, 5.92, 1.81] - 珂쇌：2026-03-06 12:03:23
2026-03-06 12:03:23,938 -  W_all is [  5.7999997 141.6        26.199999   10.          5.          3.6
   6.2         1.6      ] - 珂쇌：2026-03-06 12:03:23
2026-03-06 12:03:27,374 - Ep 40 | Reward: 1214.10 |  LR_Cont: 1.00e-04|true_time: 485.10|avg_time: 507.08|avg_cost: 278.10 - 珂쇌：2026-03-06 12:03:27
2026-03-06 12:03:27,374 - uav_uti: 1434.93|dn_uti: 740.06|cn_uti: 694.87 - 珂쇌：2026-03-06 12:03:27
2026-03-06 12:03:27,374 - dn_contract [6725.0, 4987.0, 3626.0, 1781.0, 1179.0, 110.35, 84.37, 64.21, 40.22, 28.37] | cn_contract [[0, 3], [1], [2, 4], 5330.22, 4245.99, 1696.28, 7.32, 6.61, 3.23] - 珂쇌：2026-03-06 12:03:27
2026-03-06 12:03:27,374 -  W_all is [  3.        16.        20.        10.       122.399994  19.
   6.2        3.6     ] - 珂쇌：2026-03-06 12:03:27
2026-03-06 12:03:30,874 - Ep 50 | Reward: 1143.59 |  LR_Cont: 1.00e-04|true_time: 460.33|avg_time: 474.19|avg_cost: 262.04 - 珂쇌：2026-03-06 12:03:30
2026-03-06 12:03:30,874 - uav_uti: 1406.03|dn_uti: 719.78|cn_uti: 686.24 - 珂쇌：2026-03-06 12:03:30
2026-03-06 12:03:30,874 - dn_contract [4617.0, 4016.0, 3676.0, 2113.0, 1303.0, 80.19, 70.54, 66.9, 42.58, 33.76] | cn_contract [[0, 3], [1], [2, 4], 4417.4, 3419.27, 1780.77, 6.2, 2.48, 2.42] - 珂쇌：2026-03-06 12:03:30
2026-03-06 12:03:30,874 -  W_all is [13.6       6.8      32.2      39.399998 16.8      56.199997 23.6
 11.599999] - 珂쇌：2026-03-06 12:03:30
2026-03-06 12:03:34,177 - Ep 60 | Reward: 1152.84 |  LR_Cont: 1.00e-04|true_time: 354.55|avg_time: 461.85|avg_cost: 254.33 - 珂쇌：2026-03-06 12:03:34
2026-03-06 12:03:34,178 - uav_uti: 1200.97|dn_uti: 629.79|cn_uti: 571.18 - 珂쇌：2026-03-06 12:03:34
2026-03-06 12:03:34,178 - dn_contract [4726.0, 3481.0, 2386.0, 1282.0, 713.0, 77.24, 60.25, 44.41, 28.7, 18.98] | cn_contract [[0, 2, 3], [1], [4], 4447.92, 2963.76, 404.35, 5.62, 4.42, 1.86] - 珂쇌：2026-03-06 12:03:34
2026-03-06 12:03:34,178 -  W_all is [34.6      14.200001 20.6      32.8      18.4      40.4      13.400001
 25.6     ] - 珂쇌：2026-03-06 12:03:34
2026-03-06 12:03:37,582 - Ep 70 | Reward: 1221.65 |  LR_Cont: 1.00e-04|true_time: 267.29|avg_time: 512.24|avg_cost: 280.03 - 珂쇌：2026-03-06 12:03:37
2026-03-06 12:03:37,582 - uav_uti: 1101.99|dn_uti: 537.87|cn_uti: 564.12 - 珂쇌：2026-03-06 12:03:37
2026-03-06 12:03:37,582 - dn_contract [3861.0, 2267.0, 1764.0, 950.0, 446.0, 66.21, 43.15, 33.55, 25.21, 14.91] | cn_contract [[0], [1, 4], [2, 3], 2189.63, 2183.08, 1308.78, 6.6, 5.04, 2.81] - 珂쇌：2026-03-06 12:03:37
2026-03-06 12:03:37,582 -  W_all is [ 3.8       6.       19.400002 15.4      45.4       8.6      89.200005
 12.2     ] - 珂쇌：2026-03-06 12:03:37
2026-03-06 12:03:40,963 - Ep 80 | Reward: 1231.42 |  LR_Cont: 1.00e-04|true_time: 629.00|avg_time: 587.17|avg_cost: 320.45 - 珂쇌：2026-03-06 12:03:40
2026-03-06 12:03:40,963 - uav_uti: 1676.68|dn_uti: 866.63|cn_uti: 810.05 - 珂쇌：2026-03-06 12:03:40
2026-03-06 12:03:40,963 - dn_contract [7925.0, 5800.0, 5026.0, 4499.0, 2267.0, 146.37, 101.53, 90.98, 83.6, 48.06] | cn_contract [[0, 3], [1], [2, 4], 8324.89, 4938.18, 2710.07, 5.32, 3.82, 3.68] - 珂쇌：2026-03-06 12:03:40
2026-03-06 12:03:40,963 -  W_all is [ 0.8      84.4      26.4      12.4       4.2      56.800003  6.2
  8.8     ] - 珂쇌：2026-03-06 12:03:40
2026-03-06 12:03:44,257 - Ep 90 | Reward: 1223.66 |  LR_Cont: 1.00e-04|true_time: 897.87|avg_time: 572.04|avg_cost: 315.67 - 珂쇌：2026-03-06 12:03:44
2026-03-06 12:03:44,257 - uav_uti: 1533.51|dn_uti: 810.17|cn_uti: 723.34 - 珂쇌：2026-03-06 12:03:44
2026-03-06 12:03:44,257 - dn_contract [8808.0, 8403.0, 6728.0, 1882.0, 855.0, 139.85, 139.6, 110.78, 38.15, 24.39] | cn_contract [[0, 1], [3, 4], [2], 12149.56, 2087.24, 1906.79, 3.92, 3.32, 2.12] - 珂쇌：2026-03-06 12:03:44
2026-03-06 12:03:44,258 -  W_all is [23.4        2.8000002 17.6       85.6       13.799999  10.
 42.8        4.       ] - 珂쇌：2026-03-06 12:03:44
2026-03-06 12:03:47,545 - Ep 100 | Reward: 1252.47 |  LR_Cont: 1.00e-04|true_time: 562.41|avg_time: 603.29|avg_cost: 332.13 - 珂쇌：2026-03-06 12:03:47
2026-03-06 12:03:47,545 - uav_uti: 1472.82|dn_uti: 749.21|cn_uti: 723.61 - 珂쇌：2026-03-06 12:03:47
2026-03-06 12:03:47,545 - dn_contract [7876.0, 5483.0, 4013.0, 1554.0, 1072.0, 122.24, 90.97, 74.96, 34.37, 24.46] | cn_contract [[0, 3], [1], [2, 4], 5789.7, 4668.29, 1745.27, 7.26, 4.14, 2.77] - 珂쇌：2026-03-06 12:03:47
2026-03-06 12:03:47,545 -  W_all is [19.8       6.4       4.2      62.199997 26.800001 50.800003 15.800001
 14.      ] - 珂쇌：2026-03-06 12:03:47
2026-03-06 12:03:50,847 - Ep 110 | Reward: 1248.23 |  LR_Cont: 1.00e-04|true_time: 612.37|avg_time: 626.48|avg_cost: 341.52 - 珂쇌：2026-03-06 12:03:50
2026-03-06 12:03:50,847 - uav_uti: 1626.79|dn_uti: 855.44|cn_uti: 771.35 - 珂쇌：2026-03-06 12:03:50
2026-03-06 12:03:50,847 - dn_contract [9487.0, 5746.0, 4558.0, 2984.0, 2482.0, 145.99, 97.16, 83.74, 57.44, 49.53] | cn_contract [[0, 3], [1], [2, 4], 7920.84, 4892.21, 2699.37, 7.65, 4.74, 3.42] - 珂쇌：2026-03-06 12:03:50
2026-03-06 12:03:50,848 -  W_all is [40.4      14.4       7.4      24.8      43.399998 52.399998 14.200001
  3.      ] - 珂쇌：2026-03-06 12:03:50
2026-03-06 12:03:55,148 - Ep 120 | Reward: 1253.36 |  LR_Cont: 1.00e-04|true_time: 529.53|avg_time: 657.26|avg_cost: 361.74 - 珂쇌：2026-03-06 12:03:55
2026-03-06 12:03:55,149 - uav_uti: 1559.52|dn_uti: 823.59|cn_uti: 735.92 - 珂쇌：2026-03-06 12:03:55
2026-03-06 12:03:55,149 - dn_contract [7417.0, 4189.0, 4086.0, 3307.0, 2594.0, 118.22, 76.34, 73.17, 64.49, 54.96] | cn_contract [[0, 3], [1], [2, 4], 7021.91, 3566.56, 2629.11, 6.22, 2.04, 1.47] - 珂쇌：2026-03-06 12:03:55
2026-03-06 12:03:55,149 -  W_all is [14.         5.4       54.4       16.2       47.600002  53.2
  2.6000001  6.2      ] - 珂쇌：2026-03-06 12:03:55
2026-03-06 12:03:59,251 - Ep 130 | Reward: 1236.25 |  LR_Cont: 1.00e-04|true_time: 512.70|avg_time: 640.39|avg_cost: 355.95 - 珂쇌：2026-03-06 12:03:59
2026-03-06 12:03:59,252 - uav_uti: 1410.66|dn_uti: 742.54|cn_uti: 668.12 - 珂쇌：2026-03-06 12:03:59
2026-03-06 12:03:59,252 - dn_contract [8284.0, 4717.0, 2875.0, 1990.0, 1183.0, 126.91, 79.41, 53.05, 40.7, 28.96] | cn_contract [[0, 3], [1], [2, 4], 6392.29, 4016.11, 1485.7, 8.69, 6.04, 5.76] - 珂쇌：2026-03-06 12:03:59
2026-03-06 12:03:59,252 -  W_all is [24.       24.8      19.       36.399998 44.600002 39.2       4.8
  6.8     ] - 珂쇌：2026-03-06 12:03:59
2026-03-06 12:04:03,341 - Ep 140 | Reward: 1290.97 |  LR_Cont: 1.00e-04|true_time: 637.09|avg_time: 668.80|avg_cost: 364.93 - 珂쇌：2026-03-06 12:04:03
2026-03-06 12:04:03,341 - uav_uti: 1554.53|dn_uti: 868.52|cn_uti: 686.01 - 珂쇌：2026-03-06 12:04:03
2026-03-06 12:04:03,341 - dn_contract [8996.0, 6779.0, 5584.0, 4442.0, 1593.0, 145.69, 131.18, 97.69, 84.08, 34.95] | cn_contract [[0, 2, 3], [1], [4], 10466.3, 5771.71, 903.42, 7.08, 6.51, 1.85] - 珂쇌：2026-03-06 12:04:03
2026-03-06 12:04:03,342 -  W_all is [ 6.        0.4      28.600002 14.       75.8      22.2      36.199997
 16.599998] - 珂쇌：2026-03-06 12:04:03
2026-03-06 12:04:06,749 - Ep 150 | Reward: 1272.74 |  LR_Cont: 1.00e-04|true_time: 413.70|avg_time: 664.85|avg_cost: 370.81 - 珂쇌：2026-03-06 12:04:06
2026-03-06 12:04:06,749 - uav_uti: 1384.97|dn_uti: 682.83|cn_uti: 702.14 - 珂쇌：2026-03-06 12:04:06
2026-03-06 12:04:06,749 - dn_contract [5696.0, 3991.0, 3169.0, 1371.0, 962.0, 95.86, 68.67, 62.67, 30.71, 23.38] | cn_contract [[1], [0], [2, 3, 4], 3397.98, 3230.29, 2610.98, 5.63, 4.86, 3.2] - 珂쇌：2026-03-06 12:04:06
2026-03-06 12:04:06,749 -  W_all is [ 5.6000004 21.4        3.        44.2       67.4        5.2000003
 47.4        5.7999997] - 珂쇌：2026-03-06 12:04:06
2026-03-06 12:04:09,931 - Ep 160 | Reward: 1283.91 |  LR_Cont: 1.00e-04|true_time: 760.80|avg_time: 699.17|avg_cost: 385.37 - 珂쇌：2026-03-06 12:04:09
2026-03-06 12:04:09,931 - uav_uti: 1713.73|dn_uti: 902.02|cn_uti: 811.71 - 珂쇌：2026-03-06 12:04:09
2026-03-06 12:04:09,931 - dn_contract [8323.0, 7795.0, 7316.0, 4097.0, 2152.0, 142.6, 130.39, 126.61, 77.97, 42.63] | cn_contract [[1], [0, 4], [2, 3], 6636.75, 5940.54, 5561.66, 8.55, 5.89, 2.58] - 珂쇌：2026-03-06 12:04:09
2026-03-06 12:04:09,932 -  W_all is [ 9.  18.8  7.  19.  90.8 26.  25.6  3.8] - 珂쇌：2026-03-06 12:04:09
