2026-03-09 15:25:26,430 - 祁족역迦 - 珂쇌：2026-03-09 15:25:26
2026-03-09 15:25:53,436 - Ep 10 | Reward: 970.91 |  LR_Cont: 1.00e-04|true_time: 521.54|avg_time: 391.01|avg_cost: 220.37 - 珂쇌：2026-03-09 15:25:53
2026-03-09 15:25:53,436 - uav_uti: 1295.50|dn_uti: 561.59|cn_uti: 733.91 - 珂쇌：2026-03-09 15:25:53
2026-03-09 15:25:53,436 - dn_contract [6971.0, 5266.0, 4788.0, 2642.0, 936.0, 510.81, 435.88, 406.99, 240.95, 95.89] | cn_contract [[0, 2], [1], [3, 4], 10011.74, 4483.53, 1763.59, 6.83, 6.4, 4.81] - 珂쇌：2026-03-09 15:25:53
2026-03-09 15:25:53,437 -  W_all is [31.400002 14.200001 28.       33.399998 54.000004 19.8       6.
 13.2     ] - 珂쇌：2026-03-09 15:25:53
2026-03-09 15:25:59,463 - Ep 20 | Reward: 1027.13 |  LR_Cont: 1.00e-04|true_time: 580.08|avg_time: 480.43|avg_cost: 273.07 - 珂쇌：2026-03-09 15:25:59
2026-03-09 15:25:59,464 - uav_uti: 1261.05|dn_uti: 554.54|cn_uti: 706.51 - 珂쇌：2026-03-09 15:25:59
2026-03-09 15:25:59,465 - dn_contract [8033.0, 5340.0, 3937.0, 3183.0, 622.0, 548.23, 427.48, 346.26, 286.98, 66.79] | cn_contract [[0, 2], [1, 4], [3], 10191.39, 4722.82, 1805.13, 7.54, 7.44, 6.81] - 珂쇌：2026-03-09 15:25:59
2026-03-09 15:25:59,465 -  W_all is [12.2       4.2      28.       47.4      23.       17.2      15.6
 52.600002] - 珂쇌：2026-03-09 15:25:59
2026-03-09 15:26:05,746 - Ep 30 | Reward: 1017.81 |  LR_Cont: 1.00e-04|true_time: 426.85|avg_time: 499.50|avg_cost: 282.68 - 珂쇌：2026-03-09 15:26:05
2026-03-09 15:26:05,746 - uav_uti: 1303.68|dn_uti: 563.61|cn_uti: 740.08 - 珂쇌：2026-03-09 15:26:05
2026-03-09 15:26:05,746 - dn_contract [5837.0, 4841.0, 2852.0, 2582.0, 1403.0, 429.76, 382.34, 263.7, 243.7, 141.03] | cn_contract [[1, 3], [0], [2, 4], 5585.97, 4969.69, 2825.85, 8.59, 6.03, 4.68] - 珂쇌：2026-03-09 15:26:05
2026-03-09 15:26:05,746 -  W_all is [36.        22.8        6.6       50.800003  21.         4.8
 52.399998   5.6000004] - 珂쇌：2026-03-09 15:26:05
2026-03-09 15:26:26,936 - Ep 40 | Reward: 1055.93 |  LR_Cont: 1.00e-04|true_time: 604.98|avg_time: 529.90|avg_cost: 291.45 - 珂쇌：2026-03-09 15:26:26
2026-03-09 15:26:26,936 - uav_uti: 1411.47|dn_uti: 580.79|cn_uti: 830.68 - 珂쇌：2026-03-09 15:26:26
2026-03-09 15:26:26,936 - dn_contract [6483.0, 5846.0, 5623.0, 5477.0, 4506.0, 569.18, 542.36, 530.69, 523.78, 437.91] | cn_contract [[1, 3], [0, 4], [2], 8083.44, 6796.74, 4787.48, 7.55, 6.11, 2.8] - 珂쇌：2026-03-09 15:26:26
2026-03-09 15:26:26,937 -  W_all is [43.       62.4      27.4       3.8       7.6      18.199999 13.
 24.6     ] - 珂쇌：2026-03-09 15:26:26
2026-03-09 15:26:32,723 - Ep 50 | Reward: 1049.29 |  LR_Cont: 1.00e-04|true_time: 619.82|avg_time: 496.64|avg_cost: 275.54 - 珂쇌：2026-03-09 15:26:32
2026-03-09 15:26:32,724 - uav_uti: 1384.07|dn_uti: 578.22|cn_uti: 805.85 - 珂쇌：2026-03-09 15:26:32
2026-03-09 15:26:32,724 - dn_contract [7489.0, 5255.0, 4158.0, 3267.0, 1518.0, 536.88, 436.46, 373.45, 300.34, 169.4] | cn_contract [[0, 3], [1], [2, 4], 8228.98, 4474.16, 3970.38, 3.58, 1.87, 1.6] - 珂쇌：2026-03-09 15:26:32
2026-03-09 15:26:32,724 -  W_all is [  5.         3.6       14.200001   9.8        2.         3.2
 143.6       18.6     ] - 珂쇌：2026-03-09 15:26:32
2026-03-09 15:26:38,316 - Ep 60 | Reward: 1041.81 |  LR_Cont: 1.00e-04|true_time: 415.62|avg_time: 494.99|avg_cost: 272.54 - 珂쇌：2026-03-09 15:26:38
2026-03-09 15:26:38,316 - uav_uti: 1361.26|dn_uti: 580.36|cn_uti: 780.89 - 珂쇌：2026-03-09 15:26:38
2026-03-09 15:26:38,316 - dn_contract [5360.0, 4828.0, 4489.0, 3687.0, 2130.0, 448.45, 426.92, 404.76, 340.64, 208.5] | cn_contract [[0, 3], [1, 4], [2], 6654.52, 4714.28, 3821.98, 7.66, 6.51, 3.59] - 珂쇌：2026-03-09 15:26:38
2026-03-09 15:26:38,317 -  W_all is [  6.8   3.4  21.8 128.2  22.2   8.6   1.6   7.4] - 珂쇌：2026-03-09 15:26:38
2026-03-09 15:26:44,043 - Ep 70 | Reward: 1057.36 |  LR_Cont: 1.00e-04|true_time: 535.32|avg_time: 544.21|avg_cost: 298.85 - 珂쇌：2026-03-09 15:26:44
2026-03-09 15:26:44,043 - uav_uti: 1371.75|dn_uti: 586.72|cn_uti: 785.02 - 珂쇌：2026-03-09 15:26:44
2026-03-09 15:26:44,043 - dn_contract [7160.0, 5222.0, 4090.0, 3698.0, 1938.0, 532.8, 444.3, 370.36, 341.31, 192.06] | cn_contract [[0, 3], [1, 4], [2], 8193.3, 4995.32, 3482.27, 8.08, 4.64, 2.61] - 珂쇌：2026-03-09 15:26:44
2026-03-09 15:26:44,044 -  W_all is [ 1.        1.8      33.199997 64.600006 10.       41.4      37.6
 10.400001] - 珂쇌：2026-03-09 15:26:44
2026-03-09 15:26:49,791 - Ep 80 | Reward: 1073.84 |  LR_Cont: 1.00e-04|true_time: 329.91|avg_time: 545.60|avg_cost: 297.26 - 珂쇌：2026-03-09 15:26:49
2026-03-09 15:26:49,791 - uav_uti: 1237.12|dn_uti: 551.14|cn_uti: 685.98 - 珂쇌：2026-03-09 15:26:49
2026-03-09 15:26:49,791 - dn_contract [4686.0, 3689.0, 2827.0, 2470.0, 1430.0, 354.49, 310.63, 261.59, 231.31, 143.49] | cn_contract [[1, 3], [0], [2, 4], 4541.63, 3989.71, 2812.22, 8.58, 8.07, 6.64] - 珂쇌：2026-03-09 15:26:49
2026-03-09 15:26:49,792 -  W_all is [17.6      42.399998 31.        9.6      13.2       2.2      26.6
 57.4     ] - 珂쇌：2026-03-09 15:26:49
2026-03-09 15:26:55,621 - Ep 90 | Reward: 1057.51 |  LR_Cont: 1.00e-04|true_time: 515.25|avg_time: 557.71|avg_cost: 309.90 - 珂쇌：2026-03-09 15:26:55
2026-03-09 15:26:55,621 - uav_uti: 1383.29|dn_uti: 584.89|cn_uti: 798.39 - 珂쇌：2026-03-09 15:26:55
2026-03-09 15:26:55,621 - dn_contract [6201.0, 4908.0, 3308.0, 3014.0, 2592.0, 466.81, 410.56, 314.66, 288.02, 253.65] | cn_contract [[0, 4], [2, 3], [1], 6014.2, 4525.75, 4178.72, 4.48, 2.2, 1.74] - 珂쇌：2026-03-09 15:26:55
2026-03-09 15:26:55,622 -  W_all is [ 7.4 24.6  3.4 31.2 81.6 22.  16.4 13.2] - 珂쇌：2026-03-09 15:26:55
2026-03-09 15:27:01,215 - Ep 100 | Reward: 1059.92 |  LR_Cont: 1.00e-04|true_time: 678.01|avg_time: 577.75|avg_cost: 319.54 - 珂쇌：2026-03-09 15:27:01
2026-03-09 15:27:01,215 - uav_uti: 1402.40|dn_uti: 579.73|cn_uti: 822.67 - 珂쇌：2026-03-09 15:27:01
2026-03-09 15:27:01,216 - dn_contract [9010.0, 8061.0, 5042.0, 2881.0, 1574.0, 660.22, 618.47, 436.47, 269.19, 155.0] | cn_contract [[0, 3], [1], [2, 4], 9305.07, 6863.22, 4738.9, 7.33, 2.55, 1.55] - 珂쇌：2026-03-09 15:27:01
2026-03-09 15:27:01,216 -  W_all is [20.2       7.6       4.2       9.2      26.6       3.2      30.000002
 98.799995] - 珂쇌：2026-03-09 15:27:01
2026-03-09 15:27:06,985 - Ep 110 | Reward: 1035.94 |  LR_Cont: 1.00e-04|true_time: 445.92|avg_time: 550.14|avg_cost: 315.25 - 珂쇌：2026-03-09 15:27:06
2026-03-09 15:27:06,985 - uav_uti: 1223.63|dn_uti: 566.70|cn_uti: 656.93 - 珂쇌：2026-03-09 15:27:06
2026-03-09 15:27:06,985 - dn_contract [5581.0, 5308.0, 3019.0, 2506.0, 1616.0, 426.16, 424.27, 281.29, 236.15, 159.5] | cn_contract [[0, 2], [1, 3], [4], 7322.13, 5940.48, 457.99, 5.95, 5.86, 2.27] - 珂쇌：2026-03-09 15:27:06
2026-03-09 15:27:06,986 -  W_all is [100.8   1.6   3.6  12.   69.    4.    7.4   1.8] - 珂쇌：2026-03-09 15:27:06
2026-03-09 15:27:12,657 - Ep 120 | Reward: 1053.21 |  LR_Cont: 1.00e-04|true_time: 711.03|avg_time: 531.43|avg_cost: 302.62 - 珂쇌：2026-03-09 15:27:12
2026-03-09 15:27:12,657 - uav_uti: 1430.22|dn_uti: 591.97|cn_uti: 838.24 - 珂쇌：2026-03-09 15:27:12
2026-03-09 15:27:12,657 - dn_contract [8619.0, 8297.0, 5081.0, 4402.0, 3287.0, 675.98, 662.02, 472.54, 414.43, 320.76] | cn_contract [[0, 3], [1], [2, 4], 9834.75, 7064.16, 5257.59, 6.88, 2.77, 1.46] - 珂쇌：2026-03-09 15:27:12
2026-03-09 15:27:12,658 -  W_all is [ 12.2        10.2         1.4000001  23.6       122.2         8.2
  10.599999   11.4      ] - 珂쇌：2026-03-09 15:27:12
2026-03-09 15:27:18,377 - Ep 130 | Reward: 1041.66 |  LR_Cont: 1.00e-04|true_time: 429.49|avg_time: 546.12|avg_cost: 315.09 - 珂쇌：2026-03-09 15:27:18
2026-03-09 15:27:18,377 - uav_uti: 1303.77|dn_uti: 562.57|cn_uti: 741.20 - 珂쇌：2026-03-09 15:27:18
2026-03-09 15:27:18,377 - dn_contract [5164.0, 4393.0, 3756.0, 3219.0, 1259.0, 409.02, 373.3, 336.43, 295.7, 126.59] | cn_contract [[0, 1], [2], [3, 4], 8136.93, 3197.9, 2182.36, 6.25, 3.7, 2.97] - 珂쇌：2026-03-09 15:27:18
2026-03-09 15:27:18,378 -  W_all is [  5.        13.400001   5.4        4.6      116.6       15.6
  15.800001  23.6     ] - 珂쇌：2026-03-09 15:27:18
2026-03-09 15:27:24,173 - Ep 140 | Reward: 1040.75 |  LR_Cont: 1.00e-04|true_time: 367.16|avg_time: 556.75|avg_cost: 317.86 - 珂쇌：2026-03-09 15:27:24
2026-03-09 15:27:24,173 - uav_uti: 1327.49|dn_uti: 562.55|cn_uti: 764.94 - 珂쇌：2026-03-09 15:27:24
2026-03-09 15:27:24,173 - dn_contract [4843.0, 4469.0, 2773.0, 2551.0, 1814.0, 377.81, 361.98, 263.2, 244.72, 178.8] | cn_contract [[0, 4], [2, 3], [1], 4637.49, 3807.67, 3804.96, 6.28, 5.36, 4.84] - 珂쇌：2026-03-09 15:27:24
2026-03-09 15:27:24,174 -  W_all is [11.         5.7999997  1.8        7.4       73.         3.2
 57.4       40.6      ] - 珂쇌：2026-03-09 15:27:24
2026-03-09 15:27:29,949 - Ep 150 | Reward: 1023.63 |  LR_Cont: 1.00e-04|true_time: 314.45|avg_time: 590.23|avg_cost: 335.52 - 珂쇌：2026-03-09 15:27:29
2026-03-09 15:27:29,949 - uav_uti: 1047.47|dn_uti: 436.59|cn_uti: 610.88 - 珂쇌：2026-03-09 15:27:29
2026-03-09 15:27:29,949 - dn_contract [4233.0, 2893.0, 1042.0, 820.0, 446.0, 273.61, 211.76, 103.24, 80.64, 50.69] | cn_contract [[0], [1, 3], [2, 4], 3604.02, 2928.17, 1013.57, 6.61, 4.31, 2.37] - 珂쇌：2026-03-09 15:27:29
2026-03-09 15:27:29,950 -  W_all is [22.2        9.4        1.4000001 94.8       10.599999   2.8000002
 20.2       38.600002 ] - 珂쇌：2026-03-09 15:27:29
2026-03-09 15:27:35,782 - Ep 160 | Reward: 1021.62 |  LR_Cont: 1.00e-04|true_time: 488.45|avg_time: 597.16|avg_cost: 340.79 - 珂쇌：2026-03-09 15:27:35
2026-03-09 15:27:35,782 - uav_uti: 1378.07|dn_uti: 570.85|cn_uti: 807.23 - 珂쇌：2026-03-09 15:27:35
2026-03-09 15:27:35,783 - dn_contract [6271.0, 5019.0, 3616.0, 2855.0, 1367.0, 466.38, 407.0, 324.34, 263.36, 139.24] | cn_contract [[1, 3], [0, 4], [2], 5892.35, 5726.62, 3078.7, 5.82, 4.13, 3.4] - 珂쇌：2026-03-09 15:27:35
2026-03-09 15:27:35,783 -  W_all is [ 9.4        7.4        4.6       95.200005   5.2000003  0.4
 74.         3.8      ] - 珂쇌：2026-03-09 15:27:35
2026-03-09 15:27:41,615 - Ep 170 | Reward: 1003.04 |  LR_Cont: 1.00e-04|true_time: 634.36|avg_time: 584.79|avg_cost: 341.76 - 珂쇌：2026-03-09 15:27:41
2026-03-09 15:27:41,615 - uav_uti: 1422.64|dn_uti: 582.60|cn_uti: 840.04 - 珂쇌：2026-03-09 15:27:41
2026-03-09 15:27:41,615 - dn_contract [8889.0, 7309.0, 5236.0, 3527.0, 1525.0, 650.99, 579.14, 454.21, 326.31, 151.09] | cn_contract [[0, 3], [1], [2, 4], 9568.41, 6222.96, 4890.19, 6.78, 2.52, 1.91] - 珂쇌：2026-03-09 15:27:41
2026-03-09 15:27:41,615 -  W_all is [37.       11.200001 11.        9.       40.        4.6      58.399998
 28.8     ] - 珂쇌：2026-03-09 15:27:41
2026-03-09 15:27:47,446 - Ep 180 | Reward: 979.94 |  LR_Cont: 1.00e-04|true_time: 595.26|avg_time: 541.28|avg_cost: 327.17 - 珂쇌：2026-03-09 15:27:47
2026-03-09 15:27:47,446 - uav_uti: 1337.33|dn_uti: 525.03|cn_uti: 812.30 - 珂쇌：2026-03-09 15:27:47
2026-03-09 15:27:47,446 - dn_contract [8531.0, 6086.0, 3148.0, 1380.0, 513.0, 554.74, 446.58, 267.12, 131.39, 63.61] | cn_contract [[0], [1], [2, 3, 4], 7263.39, 5181.69, 3608.25, 6.58, 5.21, 3.91] - 珂쇌：2026-03-09 15:27:47
2026-03-09 15:27:47,446 -  W_all is [ 12.        6.4       4.      108.00001   4.        0.2      65.4
   0.2    ] - 珂쇌：2026-03-09 15:27:47
2026-03-09 15:27:53,224 - Ep 190 | Reward: 1014.57 |  LR_Cont: 1.00e-04|true_time: 467.43|avg_time: 523.36|avg_cost: 306.67 - 珂쇌：2026-03-09 15:27:53
2026-03-09 15:27:53,224 - uav_uti: 1234.31|dn_uti: 552.98|cn_uti: 681.33 - 珂쇌：2026-03-09 15:27:53
2026-03-09 15:27:53,224 - dn_contract [5707.0, 5338.0, 2428.0, 2095.0, 1371.0, 416.92, 408.35, 229.42, 199.61, 144.68] | cn_contract [[0, 1], [2], [3, 4], 9403.83, 2067.23, 1576.66, 5.89, 5.03, 4.96] - 珂쇌：2026-03-09 15:27:53
2026-03-09 15:27:53,225 -  W_all is [171.2         1.          1.8        12.4         5.2000003   4.2
   1.4000001   2.8000002] - 珂쇌：2026-03-09 15:27:53
2026-03-09 15:27:58,971 - Ep 200 | Reward: 988.69 |  LR_Cont: 1.00e-04|true_time: 347.29|avg_time: 524.44|avg_cost: 304.91 - 珂쇌：2026-03-09 15:27:58
2026-03-09 15:27:58,972 - uav_uti: 1192.53|dn_uti: 533.26|cn_uti: 659.27 - 珂쇌：2026-03-09 15:27:58
2026-03-09 15:27:58,972 - dn_contract [4185.0, 3969.0, 3159.0, 2665.0, 808.0, 340.81, 333.87, 280.62, 241.39, 82.99] | cn_contract [[0, 1, 4], [2], [3], 7171.4, 2689.61, 1511.36, 6.86, 6.47, 1.27] - 珂쇌：2026-03-09 15:27:58
2026-03-09 15:27:58,972 -  W_all is [45.8        1.4000001  4.4       31.600002  52.8        2.8000002
 44.4       16.599998 ] - 珂쇌：2026-03-09 15:27:58
