2026-01-20 10:11:17,143 - 训练开始 - 时间：2026-01-20 10:11:17
2026-01-20 10:16:22,579 - 训练开始 - 时间：2026-01-20 10:16:22
2026-01-20 10:19:09,195 - 训练开始 - 时间：2026-01-20 10:19:09
2026-01-20 10:20:08,854 - 训练开始 - 时间：2026-01-20 10:20:08
2026-01-20 10:20:49,709 - 训练开始 - 时间：2026-01-20 10:20:49
2026-01-20 10:25:47,149 - 训练开始 - 时间：2026-01-20 10:25:47
2026-01-20 10:26:52,635 - 训练开始 - 时间：2026-01-20 10:26:52
2026-01-20 10:27:26,555 - 训练开始 - 时间：2026-01-20 10:27:26
2026-01-20 10:47:54,910 - 训练开始 - 时间：2026-01-20 10:47:54
2026-01-20 10:49:22,973 - 训练开始 - 时间：2026-01-20 10:49:22
2026-01-20 10:51:20,588 - 训练开始 - 时间：2026-01-20 10:51:20
2026-01-20 10:52:32,144 - 训练开始 - 时间：2026-01-20 10:52:32
2026-01-20 10:53:53,399 - 训练开始 - 时间：2026-01-20 10:53:53
2026-01-20 10:54:57,163 - 训练开始 - 时间：2026-01-20 10:54:57
2026-01-20 15:18:47,973 - 训练开始 - 时间：2026-01-20 15:18:47
2026-01-20 15:18:50,999 - Ep 10 | Reward: -721.65 | LR_Cont: 3.00e-04|avg_time: 312.08 - 时间：2026-01-20 15:18:50
2026-01-20 15:24:42,810 - 训练开始 - 时间：2026-01-20 15:24:42
2026-01-20 15:24:45,587 - Ep 10 | Reward: -1124.30 | LR_Cont: 3.00e-04|avg_time: 386.47 - 时间：2026-01-20 15:24:45
2026-01-20 15:24:45,589 - dn_contract [3816.         2928.         2435.         1423.          585.
 2617.41009793 2448.69009805  417.733738   1341.73009745  579.15009753] | cn_contract [0.00000e+00 1.00000e+00 2.00000e+00 1.00000e+00 1.00000e+00 3.24898e+03
 2.63332e+03 6.90100e+02 3.23000e+00 4.15000e+00 2.14000e+00] - 时间：2026-01-20 15:24:45
2026-01-20 15:24:49,410 - Ep 20 | Reward: -1034.97 | LR_Cont: 3.00e-04|avg_time: 365.26 - 时间：2026-01-20 15:24:49
2026-01-20 15:24:49,411 - dn_contract [1874.         1420.         1123.          867.          378.
 1268.19009816 1181.93009804    0.          819.21009823  374.22009803] | cn_contract [0.00000e+00 0.00000e+00 0.00000e+00 0.00000e+00 1.00000e+00 3.21081e+03
 1.07130e+02 0.00000e+00 1.87000e+00 3.85000e+00 3.51000e+00] - 时间：2026-01-20 15:24:49
2026-01-20 15:24:53,286 - Ep 30 | Reward: -871.18 | LR_Cont: 3.00e-04|avg_time: 379.76 - 时间：2026-01-20 15:24:53
2026-01-20 15:24:53,286 - dn_contract [3739.         3143.         2212.         1907.         1275.
 2659.79005549 2546.55005584  857.8694299  1837.37005548 1262.25005727] | cn_contract [1.00000e+00 0.00000e+00 1.00000e+00 2.00000e+00 0.00000e+00 2.14379e+03
 3.81033e+03 1.08149e+03 5.12000e+00 5.67000e+00 2.45000e+00] - 时间：2026-01-20 15:24:53
2026-01-20 15:25:56,176 - 训练开始 - 时间：2026-01-20 15:25:56
2026-01-20 15:25:59,101 - Ep 10 | Reward: -884.42 | LR_Cont: 3.00e-04|avg_time: 347.97 - 时间：2026-01-20 15:25:59
2026-01-20 15:25:59,102 - dn_contract [4306.         3851.         2711.         2252.          698.
 3133.55006795 3047.10006803    0.         2105.16006795  691.02006794] | cn_contract [0.00000e+00 0.00000e+00 1.00000e+00 1.00000e+00 0.00000e+00 6.04796e+03
 2.04547e+03 0.00000e+00 4.10000e+00 2.85000e+00 4.04000e+00] - 时间：2026-01-20 15:25:59
2026-01-20 15:26:02,770 - Ep 20 | Reward: -794.07 | LR_Cont: 3.00e-04|avg_time: 344.07 - 时间：2026-01-20 15:26:02
2026-01-20 15:26:02,771 - dn_contract [3387.         2277.         2055.         1313.          588.
 2197.45006179 1986.55006165 1075.77073326 1241.87006162  582.12006136] | cn_contract [2.00000e+00 1.00000e+00 2.00000e+00 0.00000e+00 0.00000e+00 3.46614e+03
 1.29132e+03 3.46614e+03 4.19000e+00 4.58000e+00 3.17000e+00] - 时间：2026-01-20 15:26:02
2026-01-20 15:26:06,371 - Ep 30 | Reward: -1020.51 | LR_Cont: 3.00e-04|avg_time: 390.96 - 时间：2026-01-20 15:26:06
2026-01-20 15:26:06,371 - dn_contract [2976.         2240.         1227.          831.          375.
 1752.85005266 1613.01005249  780.15663428  786.21005279  371.2500527 ] | cn_contract [1.00000e+00 2.00000e+00 1.00000e+00 0.00000e+00 1.00000e+00 2.98782e+03
 2.98782e+03 1.27034e+03 4.96000e+00 4.47000e+00 3.72000e+00] - 时间：2026-01-20 15:26:06
2026-01-20 15:26:09,946 - Ep 40 | Reward: -807.89 | LR_Cont: 3.00e-04|avg_time: 352.88 - 时间：2026-01-20 15:26:09
2026-01-20 15:26:09,946 - dn_contract [2572.         2268.         1381.         1091.          369.
 1755.25005864 1697.49005866    0.         1022.3300623   365.31006066] | cn_contract [1.00000e+00 1.00000e+00 1.00000e+00 1.00000e+00 0.00000e+00 1.04580e+02
 4.48616e+03 0.00000e+00 4.65000e+00 3.02000e+00 2.06000e+00] - 时间：2026-01-20 15:26:09
2026-01-20 15:26:13,516 - Ep 50 | Reward: -936.80 | LR_Cont: 3.00e-04|avg_time: 377.01 - 时间：2026-01-20 15:26:13
2026-01-20 15:26:13,518 - dn_contract [2676.         1913.         1766.         1116.          795.
 1853.69005456 1708.72005444    0.         1079.16005287  787.05005277] | cn_contract [2.00000e+00 1.00000e+00 1.00000e+00 1.00000e+00 1.00000e+00 2.27838e+03
 2.44361e+03 2.27838e+03 6.40000e+00 5.01000e+00 5.04000e+00] - 时间：2026-01-20 15:26:13
2026-01-20 15:26:17,790 - Ep 60 | Reward: -808.81 | LR_Cont: 3.00e-04|avg_time: 362.94 - 时间：2026-01-20 15:26:17
2026-01-20 15:26:17,792 - dn_contract [2390.         1929.         1313.          965.          554.
 1605.02007166 1517.43007158    0.          922.47007127  548.4600715 ] | cn_contract [0.00000e+00 2.00000e+00 0.00000e+00 0.00000e+00 2.00000e+00 2.95426e+03
 1.25098e+03 1.25098e+03 2.34000e+00 2.70000e+00 4.57000e+00] - 时间：2026-01-20 15:26:17
2026-01-20 15:26:22,370 - Ep 70 | Reward: -1057.08 | LR_Cont: 3.00e-04|avg_time: 380.37 - 时间：2026-01-20 15:26:22
2026-01-20 15:26:22,370 - dn_contract [1399.          983.          662.          431.          204.
  840.31006642  761.27006599   44.94411969  408.53006567  201.96006591] | cn_contract [1.00000e+00 1.00000e+00 2.00000e+00 1.00000e+00 0.00000e+00 1.99303e+03
 1.99303e+03 1.87620e+02 3.40000e+00 2.71000e+00 2.70000e+00] - 时间：2026-01-20 15:26:22
2026-01-20 15:26:27,774 - Ep 80 | Reward: -934.73 | LR_Cont: 3.00e-04|avg_time: 374.25 - 时间：2026-01-20 15:26:27
2026-01-20 15:26:27,776 - dn_contract [2776.         2570.         2127.          532.          458.
 2144.24006703 2105.1000667     0.          520.76006583  453.42006782] | cn_contract [2.00000e+00 2.00000e+00 2.00000e+00 2.00000e+00 2.00000e+00 4.85533e+03
 0.00000e+00 4.85533e+03 5.24000e+00 3.83000e+00 2.60000e+00] - 时间：2026-01-20 15:26:27
2026-01-20 15:26:33,456 - Ep 90 | Reward: -1106.31 | LR_Cont: 3.00e-04|avg_time: 403.82 - 时间：2026-01-20 15:26:33
2026-01-20 15:26:33,457 - dn_contract [3045.         2172.         1763.         1330.          953.
 2021.11005683 1855.24005532    0.         1286.54005614  943.47005756] | cn_contract [1.00000e+00 0.00000e+00 1.00000e+00 1.00000e+00 0.00000e+00 1.50187e+03
 3.84646e+03 0.00000e+00 5.43000e+00 3.49000e+00 3.51000e+00] - 时间：2026-01-20 15:26:33
2026-01-20 15:26:38,193 - Ep 100 | Reward: -817.70 | LR_Cont: 3.00e-04|avg_time: 372.18 - 时间：2026-01-20 15:26:38
2026-01-20 15:26:38,195 - dn_contract [4237.         3437.         2168.         1189.          825.
 2751.05006022 2599.05006047    0.         1147.99006044  816.75006038] | cn_contract [0.00000e+00 1.00000e+00 1.00000e+00 0.00000e+00 1.00000e+00 4.28173e+03
 2.79742e+03 0.00000e+00 3.12000e+00 3.62000e+00 3.43000e+00] - 时间：2026-01-20 15:26:38
2026-01-20 15:26:43,057 - Ep 110 | Reward: -1075.04 | LR_Cont: 3.00e-04|avg_time: 397.79 - 时间：2026-01-20 15:26:43
2026-01-20 15:26:43,057 - dn_contract [1341.         1136.         1016.          783.          477.
 1047.62006734 1008.6700679     0.          750.69006744  472.23006963] | cn_contract [1.00000e+00 2.00000e+00 2.00000e+00 2.00000e+00 1.00000e+00 1.27693e+03
 1.27693e+03 1.37624e+03 7.03000e+00 4.59000e+00 3.01000e+00] - 时间：2026-01-20 15:26:43
2026-01-20 15:26:47,802 - Ep 120 | Reward: -805.08 | LR_Cont: 3.00e-04|avg_time: 372.11 - 时间：2026-01-20 15:26:47
2026-01-20 15:26:47,803 - dn_contract [3639.         3170.         1190.          938.          173.
 2123.65006427 2034.54006425  942.59753949  867.42006582  171.27006602] | cn_contract [2.00000e+00 0.00000e+00 1.00000e+00 0.00000e+00 0.00000e+00 2.37874e+03
 2.37874e+03 3.09828e+03 4.87000e+00 5.52000e+00 2.88000e+00] - 时间：2026-01-20 15:26:47
2026-01-20 15:26:51,816 - Ep 130 | Reward: -750.73 | LR_Cont: 3.00e-04|avg_time: 354.32 - 时间：2026-01-20 15:26:51
2026-01-20 15:26:51,816 - dn_contract [3377.         2744.         2054.         1048.          545.
 2313.9100603  2193.64006011  860.75925587  997.2800602   539.55005999] | cn_contract [1.00000e+00 0.00000e+00 2.00000e+00 0.00000e+00 0.00000e+00 2.30496e+03
 2.87521e+03 5.82130e+02 2.46000e+00 1.59000e+00 3.35000e+00] - 时间：2026-01-20 15:26:51
2026-01-20 15:26:55,923 - Ep 140 | Reward: -796.35 | LR_Cont: 1.50e-04|avg_time: 362.59 - 时间：2026-01-20 15:26:55
2026-01-20 15:26:55,923 - dn_contract [4459.         2937.         1798.          592.          209.
 2428.50006108 2139.32006113  148.59722529  555.44006083  206.91006108] | cn_contract [2.00000e+00 0.00000e+00 2.00000e+00 2.00000e+00 1.00000e+00 1.66562e+03
 1.66562e+03 4.64175e+03 3.90000e+00 5.23000e+00 1.87000e+00] - 时间：2026-01-20 15:26:55
2026-01-20 15:28:46,081 - 训练开始 - 时间：2026-01-20 15:28:46
2026-01-20 15:29:24,135 - 训练开始 - 时间：2026-01-20 15:29:24
2026-01-20 15:29:58,251 - 训练开始 - 时间：2026-01-20 15:29:58
2026-01-20 15:35:38,820 - 训练开始 - 时间：2026-01-20 15:35:38
2026-01-20 15:35:51,698 - Ep 10 | Reward: -929.38 | LR_Cont: 3.00e-04|avg_time: 348.32 - 时间：2026-01-20 15:35:51
2026-01-20 15:35:51,700 - dn_contract [1794.         1248.          904.          581.          331.
 1101.83006785  998.09006692   15.40481627  555.19006668  327.69006669] | cn_contract [0, 0, 2, 0, 1, 2564.69, 256.2, 256.2, 4.71, 1.34, 3.92] - 时间：2026-01-20 15:35:51
2026-01-20 15:36:02,831 - Ep 20 | Reward: -757.34 | LR_Cont: 3.00e-04|avg_time: 347.13 - 时间：2026-01-20 15:36:02
2026-01-20 15:36:02,833 - dn_contract [3769.         2606.         1872.          787.          548.
 2266.40009068 2045.43009061  392.51945573  760.01009069  542.52009066] | cn_contract [0, 0, 1, 2, 2, 4686.87, 530.54, 601.63, 2.81, 3.07, 2.22] - 时间：2026-01-20 15:36:02
2026-01-20 15:36:12,329 - Ep 30 | Reward: -876.89 | LR_Cont: 3.00e-04|avg_time: 370.11 - 时间：2026-01-20 15:36:12
2026-01-20 15:36:12,331 - dn_contract [3333.         3141.         2547.         1885.         1398.
 2718.11006235 2681.63006274 2540.39039125 1827.19006225 1384.02006105] | cn_contract [2, 1, 2, 0, 0, 3559.6, 1781.31, 3559.6, 5.07, 2.58, 2.15] - 时间：2026-01-20 15:36:12
2026-01-20 15:37:38,515 - 训练开始 - 时间：2026-01-20 15:37:38
2026-01-20 15:37:43,604 - Ep 10 | Reward: -780.90 | LR_Cont: 3.00e-04|avg_time: 355.84 - 时间：2026-01-20 15:37:43
2026-01-20 15:37:43,605 - dn_contract [3319.0, 2831.0, 2159.0, 1636.0, 670.0, 2407.4200824745803, 2314.70008248379, 1694.6002849599718, 1542.3600830067712, 663.300084903989] | cn_contract [0, 1, 2, 2, 1, 2825.83, 1795.39, 1539.68, 3.11, 5.84, 2.89] - 时间：2026-01-20 15:37:43
2026-01-20 15:37:50,276 - Ep 20 | Reward: -787.17 | LR_Cont: 3.00e-04|avg_time: 375.54 - 时间：2026-01-20 15:37:50
2026-01-20 15:37:50,276 - dn_contract [3047.0, 2325.0, 1355.0, 842.0, 556.0, 1854.660067081476, 1717.4800670737284, 309.03410387265245, 810.7000689780921, 550.4400680287926] | cn_contract [2, 2, 1, 1, 0, 3912.79, 861.53, 3912.79, 5.4, 2.81, 2.93] - 时间：2026-01-20 15:37:50
2026-01-20 15:38:52,900 - 训练开始 - 时间：2026-01-20 15:38:52
2026-01-20 15:38:57,776 - Ep 10 | Reward: -935.04 | LR_Cont: 3.00e-04|avg_time: 370.41 - 时间：2026-01-20 15:38:57
2026-01-20 15:38:57,777 - dn_contract [3167.0, 2584.0, 1317.0, 749.0, 373.0, 1918.84, 1808.07, 106.05, 711.43, 369.27] | cn_contract [1, 0, 1, 1, 2, 1465.43, 3494.44, 105.71, 2.57, 2.1, 2.76] - 时间：2026-01-20 15:38:57
2026-01-20 15:39:02,998 - Ep 20 | Reward: -983.98 | LR_Cont: 3.00e-04|avg_time: 379.66 - 时间：2026-01-20 15:39:02
2026-01-20 15:39:02,998 - dn_contract [2116.0, 1643.0, 1352.0, 869.0, 539.0, 1478.84, 1388.97, 0.0, 833.91, 533.61] | cn_contract [2, 2, 0, 2, 2, 383.17, 383.17, 3378.94, 5.29, 2.89, 1.95] - 时间：2026-01-20 15:39:02
2026-01-20 15:39:09,026 - Ep 30 | Reward: -970.89 | LR_Cont: 3.00e-04|avg_time: 387.98 - 时间：2026-01-20 15:39:09
2026-01-20 15:39:09,026 - dn_contract [4152.0, 3360.0, 2320.0, 1887.0, 968.0, 2816.67, 2666.19, 0.0, 1794.61, 958.32] | cn_contract [0, 2, 0, 0, 2, 5262.72, 2179.85, 2179.85, 5.22, 2.37, 3.19] - 时间：2026-01-20 15:39:09
2026-01-20 15:39:16,075 - Ep 40 | Reward: -845.80 | LR_Cont: 3.00e-04|avg_time: 387.24 - 时间：2026-01-20 15:39:16
2026-01-20 15:39:16,075 - dn_contract [4708.0, 3493.0, 2490.0, 1457.0, 364.0, 2955.66, 2724.81, 3044.39, 1354.99, 360.36] | cn_contract [1, 0, 2, 2, 2, 1980.94, 4008.44, 1635.14, 4.09, 4.11, 3.76] - 时间：2026-01-20 15:39:16
2026-01-20 15:39:21,282 - Ep 50 | Reward: -874.76 | LR_Cont: 3.00e-04|avg_time: 368.59 - 时间：2026-01-20 15:39:21
2026-01-20 15:39:21,282 - dn_contract [4094.0, 3721.0, 2871.0, 2008.0, 883.0, 3118.97, 3048.1, 0.0, 1897.92, 874.17] | cn_contract [2, 0, 2, 0, 0, 3499.26, 3499.26, 4299.35, 2.84, 4.38, 3.96] - 时间：2026-01-20 15:39:21
2026-01-20 15:39:26,392 - Ep 60 | Reward: -862.39 | LR_Cont: 3.00e-04|avg_time: 373.22 - 时间：2026-01-20 15:39:26
2026-01-20 15:39:26,392 - dn_contract [3955.0, 3393.0, 2661.0, 1336.0, 533.0, 2856.04, 2749.26, 1451.54, 1258.4, 527.67] | cn_contract [0, 2, 1, 2, 1, 3367.33, 2681.89, 2681.89, 5.6, 4.18, 4.27] - 时间：2026-01-20 15:39:26
2026-01-20 15:39:31,045 - Ep 70 | Reward: -926.56 | LR_Cont: 3.00e-04|avg_time: 372.19 - 时间：2026-01-20 15:39:31
2026-01-20 15:39:31,045 - dn_contract [4489.0, 2887.0, 1939.0, 1454.0, 663.0, 2552.7, 2248.32, 1222.99, 1376.18, 656.37] | cn_contract [2, 0, 0, 1, 0, 2374.7, 2374.7, 3821.98, 3.4, 4.02, 3.0] - 时间：2026-01-20 15:39:31
2026-01-20 15:39:36,542 - Ep 80 | Reward: -859.46 | LR_Cont: 1.50e-04|avg_time: 359.30 - 时间：2026-01-20 15:39:36
2026-01-20 15:39:36,542 - dn_contract [2591.0, 2088.0, 1928.0, 1737.0, 998.0, 1997.14, 1901.57, 744.15, 1660.51, 988.02] | cn_contract [2, 1, 0, 0, 0, 1814.34, 1814.34, 2206.01, 4.15, 2.62, 3.06] - 时间：2026-01-20 15:39:36
2026-01-20 15:39:42,627 - Ep 90 | Reward: -824.46 | LR_Cont: 1.50e-04|avg_time: 363.35 - 时间：2026-01-20 15:39:42
2026-01-20 15:39:42,627 - dn_contract [967.0, 734.0, 463.0, 299.0, 221.0, 605.16, 560.89, 756.52, 289.77, 218.79] | cn_contract [1, 0, 0, 2, 2, 547.48, 823.31, 232.2, 4.78, 2.89, 4.97] - 时间：2026-01-20 15:39:42
2026-01-20 15:39:48,084 - Ep 100 | Reward: -843.30 | LR_Cont: 1.50e-04|avg_time: 368.41 - 时间：2026-01-20 15:39:48
2026-01-20 15:39:48,084 - dn_contract [1087.0, 871.0, 679.0, 549.0, 255.0, 764.99, 723.95, 350.07, 519.99, 252.45] | cn_contract [2, 2, 1, 0, 2, 311.35, 311.35, 1491.71, 5.96, 4.46, 4.56] - 时间：2026-01-20 15:39:48
2026-01-20 15:39:54,423 - Ep 110 | Reward: -825.73 | LR_Cont: 1.50e-04|avg_time: 347.96 - 时间：2026-01-20 15:39:54
2026-01-20 15:39:54,425 - dn_contract [3458.0, 3151.0, 2425.0, 1813.0, 966.0, 2660.24, 2601.91, 857.45, 1727.11, 956.34] | cn_contract [1, 0, 2, 1, 0, 2060.76, 3972.36, 687.27, 6.42, 5.28, 3.07] - 时间：2026-01-20 15:39:54
2026-01-20 15:40:00,652 - Ep 120 | Reward: -728.98 | LR_Cont: 1.50e-04|avg_time: 380.52 - 时间：2026-01-20 15:40:00
2026-01-20 15:40:00,652 - dn_contract [2257.0, 1575.0, 1429.0, 1057.0, 253.0, 1501.69, 1372.11, 326.07, 982.11, 250.47] | cn_contract [1, 0, 0, 1, 2, 1298.2, 2521.08, 71.7, 6.68, 3.42, 5.87] - 时间：2026-01-20 15:40:00
2026-01-20 15:40:06,016 - Ep 130 | Reward: -852.85 | LR_Cont: 1.50e-04|avg_time: 340.50 - 时间：2026-01-20 15:40:06
2026-01-20 15:40:06,018 - dn_contract [2232.0, 1875.0, 1762.0, 1440.0, 639.0, 1760.51, 1692.68, 457.7, 1361.52, 632.61] | cn_contract [2, 1, 2, 0, 1, 2399.72, 1244.44, 2399.72, 2.89, 2.46, 5.38] - 时间：2026-01-20 15:40:06
2026-01-20 15:40:11,253 - Ep 140 | Reward: -1002.08 | LR_Cont: 1.50e-04|avg_time: 409.83 - 时间：2026-01-20 15:40:11
2026-01-20 15:40:11,253 - dn_contract [5068.0, 3503.0, 3143.0, 2217.0, 1777.0, 3426.14, 3128.79, 5687.6, 2159.63, 1759.23] | cn_contract [2, 1, 0, 0, 1, 4314.95, 2490.23, 4314.95, 6.27, 1.39, 3.51] - 时间：2026-01-20 15:40:11
2026-01-20 15:40:16,664 - Ep 150 | Reward: -978.38 | LR_Cont: 7.50e-05|avg_time: 375.62 - 时间：2026-01-20 15:40:16
2026-01-20 15:40:16,665 - dn_contract [2341.0, 2260.0, 2093.0, 1557.0, 425.0, 2007.38, 1991.99, 768.04, 1450.87, 420.75] | cn_contract [0, 0, 1, 2, 0, 3395.28, 883.0, 883.0, 1.19, 3.76, 4.42] - 时间：2026-01-20 15:40:16
2026-01-20 15:40:22,167 - Ep 160 | Reward: -744.51 | LR_Cont: 7.50e-05|avg_time: 355.02 - 时间：2026-01-20 15:40:22
2026-01-20 15:40:22,167 - dn_contract [1308.0, 1139.0, 902.0, 668.0, 309.0, 979.71, 947.6, 0.0, 632.6, 305.91] | cn_contract [0, 0, 0, 1, 1, 2015.23, 466.41, 0.0, 5.39, 6.34, 5.37] - 时间：2026-01-20 15:40:22
2026-01-20 15:40:28,115 - Ep 170 | Reward: -932.60 | LR_Cont: 7.50e-05|avg_time: 394.57 - 时间：2026-01-20 15:40:28
2026-01-20 15:40:28,115 - dn_contract [3221.0, 2598.0, 1469.0, 1305.0, 1062.0, 2073.84, 1955.47, 358.62, 1272.51, 1051.38] | cn_contract [1, 2, 1, 2, 0, 3158.72, 3158.72, 2213.45, 4.21, 2.08, 4.41] - 时间：2026-01-20 15:40:28
2026-01-20 15:40:33,439 - Ep 180 | Reward: -914.64 | LR_Cont: 7.50e-05|avg_time: 360.74 - 时间：2026-01-20 15:40:33
2026-01-20 15:40:33,439 - dn_contract [2506.0, 2094.0, 932.0, 508.0, 208.0, 1479.6, 1401.32, 0.0, 478.92, 205.92] | cn_contract [2, 2, 2, 2, 2, 3932.36, 0.0, 3932.36, 5.13, 4.16, 3.42] - 时间：2026-01-20 15:40:33
