2026-02-03 11:27:31,654 - 祁족역迦 - 珂쇌：2026-02-03 11:27:31
2026-02-03 11:27:36,383 - Ep 10 | Reward: 1112.29 | LR_Cont: 3.00e-05|avg_time: 248.88 - 珂쇌：2026-02-03 11:27:36
2026-02-03 11:27:36,384 - dn_contract [6300.0, 5472.0, 4657.0, 2011.0, 636.0, 1881.99, 1819.06, 1662.58, 752.36, 251.86] | cn_contract [2, 1, 1, 0, 2, 1140.47, 4423.1, 5544.14, 7.75, 8.22, 2.2] - 珂쇌：2026-02-03 11:27:36
2026-02-03 11:27:36,384 -  W_all is [20.       54.000004 18.       14.        8.       26.       38.
 20.      ] - 珂쇌：2026-02-03 11:27:36
2026-02-03 11:27:36,384 - ============== compliance_rate is 1 ================= - 珂쇌：2026-02-03 11:27:36
2026-02-03 11:27:42,576 - Ep 20 | Reward: 1039.39 | LR_Cont: 3.00e-05|avg_time: 192.68 - 珂쇌：2026-02-03 11:27:42
2026-02-03 11:27:42,577 - dn_contract [8865.0, 6253.0, 5273.0, 3794.0, 1118.0, 2312.24, 2113.73, 1925.57, 1416.79, 442.73] | cn_contract [0, 2, 2, 1, 0, 7864.61, 2151.64, 5040.6, 8.57, 6.19, 4.3] - 珂쇌：2026-02-03 11:27:42
2026-02-03 11:27:42,579 -  W_all is [36. 44. 20. 10.  8.  8. 58. 18.] - 珂쇌：2026-02-03 11:27:42
2026-02-03 11:27:42,579 - ============== compliance_rate is 1 ================= - 珂쇌：2026-02-03 11:27:42
2026-02-03 11:27:48,747 - Ep 30 | Reward: 1060.06 | LR_Cont: 3.00e-05|avg_time: 201.10 - 珂쇌：2026-02-03 11:27:48
2026-02-03 11:27:48,749 - dn_contract [4772.0, 3177.0, 1194.0, 697.0, 407.0, 939.66, 818.44, 437.7, 266.73, 161.17] | cn_contract [2, 1, 1, 2, 0, 115.35, 2140.12, 4458.21, 5.06, 4.08, 8.46] - 珂쇌：2026-02-03 11:27:48
2026-02-03 11:27:48,749 -  W_all is [ 6.  6. 46. 70. 46. 18.  8.  4.] - 珂쇌：2026-02-03 11:27:48
2026-02-03 11:27:55,800 - Ep 40 | Reward: 1173.17 | LR_Cont: 3.00e-05|avg_time: 272.26 - 珂쇌：2026-02-03 11:27:55
2026-02-03 11:27:55,800 - dn_contract [2613.0, 2487.0, 1986.0, 1401.0, 170.0, 822.41, 812.84, 716.64, 515.4, 67.32] | cn_contract [1, 1, 1, 2, 2, 0.0, 4198.01, 842.71, 2.59, 2.61, 0.78] - 珂쇌：2026-02-03 11:27:55
2026-02-03 11:27:55,800 -  W_all is [14.       66.       30.000002 22.       28.        6.       14.
 20.      ] - 珂쇌：2026-02-03 11:27:55
2026-02-03 11:27:55,800 - ============== compliance_rate is 1 ================= - 珂쇌：2026-02-03 11:27:55
2026-02-03 11:28:02,472 - Ep 50 | Reward: 1024.02 | LR_Cont: 3.00e-05|avg_time: 219.59 - 珂쇌：2026-02-03 11:28:02
2026-02-03 11:28:02,472 - dn_contract [3314.0, 2791.0, 2566.0, 1817.0, 514.0, 1018.44, 978.69, 935.49, 677.84, 203.54] | cn_contract [2, 1, 1, 0, 1, 1030.45, 2455.72, 2821.58, 2.09, 1.76, 8.62] - 珂쇌：2026-02-03 11:28:02
2026-02-03 11:28:02,474 -  W_all is [32.  6. 26. 40. 20. 40. 18. 18.] - 珂쇌：2026-02-03 11:28:02
2026-02-03 11:28:02,474 - ============== compliance_rate is 1 ================= - 珂쇌：2026-02-03 11:28:02
