2026-02-28 15:47:54,776 - 祁족역迦 - 珂쇌：2026-02-28 15:47:54
2026-02-28 15:47:55,930 - Ep 10 | Reward: 1342.80 |  LR_Cont: 1.00e-04|true_time: 723.91|avg_time: 532.74|avg_cost: 295.12 - 珂쇌：2026-02-28 15:47:55
2026-02-28 15:47:55,930 - uav_uti: 1634.64|dn_uti: 893.93|cn_uti: 740.71 - 珂쇌：2026-02-28 15:47:55
2026-02-28 15:47:55,930 - dn_contract [6729.0, 5138.0, 2869.0, 2328.0, 1258.0, 167.48, 144.68, 90.01, 74.56, 49.47] | cn_contract [[0, 1, 3], [2, 4], [], 6802.99, 2698.13, 0.0, 3.01, 2.77, 0.6] - 珂쇌：2026-02-28 15:47:55
2026-02-28 15:47:55,930 -  W_all is [35.600002   2.8000002 18.6       16.2       13.2       37.6
 21.        55.199997 ] - 珂쇌：2026-02-28 15:47:55
2026-02-28 15:47:57,688 - Ep 20 | Reward: 1397.68 |  LR_Cont: 1.00e-04|true_time: 835.45|avg_time: 587.92|avg_cost: 325.14 - 珂쇌：2026-02-28 15:47:57
2026-02-28 15:47:57,688 - uav_uti: 1998.59|dn_uti: 985.73|cn_uti: 1012.86 - 珂쇌：2026-02-28 15:47:57
2026-02-28 15:47:57,688 - dn_contract [8057.0, 7297.0, 6279.0, 2258.0, 1600.0, 215.39, 201.22, 183.94, 78.45, 60.6] | cn_contract [[0, 1, 4], [2], [3], 7783.94, 3560.92, 1922.49, 5.82, 4.98, 2.51] - 珂쇌：2026-02-28 15:47:57
2026-02-28 15:47:57,688 -  W_all is [22.  23.6 25.6  8.6  9.4 48.6 36.8 25.6] - 珂쇌：2026-02-28 15:47:57
2026-02-28 15:47:59,482 - Ep 30 | Reward: 1383.43 |  LR_Cont: 1.00e-04|true_time: 828.97|avg_time: 616.86|avg_cost: 349.11 - 珂쇌：2026-02-28 15:47:59
2026-02-28 15:47:59,482 - uav_uti: 2036.86|dn_uti: 1018.77|cn_uti: 1018.10 - 珂쇌：2026-02-28 15:47:59
2026-02-28 15:47:59,482 - dn_contract [8089.0, 6423.0, 4286.0, 3444.0, 3066.0, 224.03, 193.39, 138.11, 124.95, 105.9] | cn_contract [[0, 1, 4], [3], [2], 8545.52, 2932.26, 2430.66, 6.05, 5.97, 2.79] - 珂쇌：2026-02-28 15:47:59
2026-02-28 15:47:59,482 -  W_all is [  4.6         1.4000001  26.          1.2       107.4        36.399998
   6.4        16.599998 ] - 珂쇌：2026-02-28 15:47:59
2026-02-28 15:48:01,197 - Ep 40 | Reward: 1601.09 |  LR_Cont: 1.00e-04|true_time: 775.51|avg_time: 816.13|avg_cost: 434.14 - 珂쇌：2026-02-28 15:48:01
2026-02-28 15:48:01,197 - uav_uti: 2109.87|dn_uti: 1015.01|cn_uti: 1094.86 - 珂쇌：2026-02-28 15:48:01
2026-02-28 15:48:01,197 - dn_contract [6249.0, 5462.0, 5117.0, 4470.0, 2696.0, 175.67, 172.75, 161.4, 143.96, 97.02] | cn_contract [[0, 1, 4], [3], [2], 7164.02, 3805.81, 2901.93, 4.55, 3.1, 2.62] - 珂쇌：2026-02-28 15:48:01
2026-02-28 15:48:01,197 -  W_all is [124.399994    2.          2.2         2.          4.4        52.999996
   2.6000001   9.4      ] - 珂쇌：2026-02-28 15:48:01
2026-02-28 15:48:03,043 - Ep 50 | Reward: 1544.93 |  LR_Cont: 1.00e-04|true_time: 349.49|avg_time: 843.68|avg_cost: 453.04 - 珂쇌：2026-02-28 15:48:03
2026-02-28 15:48:03,044 - uav_uti: 1423.90|dn_uti: 707.32|cn_uti: 716.58 - 珂쇌：2026-02-28 15:48:03
2026-02-28 15:48:03,044 - dn_contract [3214.0, 2643.0, 1926.0, 1591.0, 681.0, 86.82, 78.73, 68.08, 53.39, 33.02] | cn_contract [[0, 2, 4], [1], [3], 2582.96, 1498.89, 1354.59, 8.42, 2.66, 2.17] - 珂쇌：2026-02-28 15:48:03
2026-02-28 15:48:03,044 -  W_all is [23.6        5.2000003  3.2        3.        69.8       23.6
  4.8       67.       ] - 珂쇌：2026-02-28 15:48:03
2026-02-28 15:48:04,740 - Ep 60 | Reward: 1616.24 |  LR_Cont: 1.00e-04|true_time: 864.16|avg_time: 880.84|avg_cost: 463.54 - 珂쇌：2026-02-28 15:48:04
2026-02-28 15:48:04,740 - uav_uti: 1993.64|dn_uti: 952.70|cn_uti: 1040.94 - 珂쇌：2026-02-28 15:48:04
2026-02-28 15:48:04,740 - dn_contract [9285.0, 7301.0, 5352.0, 2240.0, 879.0, 232.29, 194.27, 153.69, 69.91, 34.8] | cn_contract [[0, 3], [1], [2, 4], 4538.63, 4140.51, 3783.59, 7.26, 5.16, 3.32] - 珂쇌：2026-02-28 15:48:04
2026-02-28 15:48:04,740 -  W_all is [ 9.8      37.        6.2       6.       40.2      62.199997  9.2
 29.6     ] - 珂쇌：2026-02-28 15:48:04
2026-02-28 15:48:06,439 - Ep 70 | Reward: 1642.97 |  LR_Cont: 1.00e-04|true_time: 886.57|avg_time: 923.09|avg_cost: 487.54 - 珂쇌：2026-02-28 15:48:06
2026-02-28 15:48:06,439 - uav_uti: 2107.06|dn_uti: 1008.49|cn_uti: 1098.57 - 珂쇌：2026-02-28 15:48:06
2026-02-28 15:48:06,439 - dn_contract [8015.0, 6202.0, 5391.0, 3610.0, 1787.0, 209.18, 176.41, 157.4, 111.63, 64.93] | cn_contract [[0, 3], [1, 4], [2], 5345.13, 5038.72, 3057.32, 5.31, 3.38, 0.83] - 珂쇌：2026-02-28 15:48:06
2026-02-28 15:48:06,439 -  W_all is [13.        37.8       18.6       27.8       18.        57.6
  1.4000001 25.8      ] - 珂쇌：2026-02-28 15:48:06
2026-02-28 15:48:08,234 - Ep 80 | Reward: 1621.65 |  LR_Cont: 1.00e-04|true_time: 964.04|avg_time: 987.42|avg_cost: 521.88 - 珂쇌：2026-02-28 15:48:08
2026-02-28 15:48:08,234 - uav_uti: 1970.41|dn_uti: 1053.78|cn_uti: 916.63 - 珂쇌：2026-02-28 15:48:08
2026-02-28 15:48:08,234 - dn_contract [7789.0, 6208.0, 5900.0, 4231.0, 3278.0, 221.07, 191.59, 182.58, 135.03, 112.6] | cn_contract [[0, 2, 4], [1, 3], [], 8344.39, 7122.97, 0.0, 2.31, 2.3, 1.43] - 珂쇌：2026-02-28 15:48:08
2026-02-28 15:48:08,234 -  W_all is [  3.4        3.        27.599998  30.000002 125.         4.
   2.         4.8     ] - 珂쇌：2026-02-28 15:48:08
2026-02-28 15:48:09,933 - Ep 90 | Reward: 1642.86 |  LR_Cont: 1.00e-04|true_time: 1078.12|avg_time: 1014.59|avg_cost: 533.25 - 珂쇌：2026-02-28 15:48:09
2026-02-28 15:48:09,933 - uav_uti: 2022.80|dn_uti: 1000.49|cn_uti: 1022.31 - 珂쇌：2026-02-28 15:48:09
2026-02-28 15:48:09,933 - dn_contract [9149.0, 8117.0, 5358.0, 4157.0, 882.0, 232.32, 214.88, 152.09, 118.71, 37.56] | cn_contract [[0, 2, 3], [1], [4], 9170.84, 4603.28, 750.94, 2.19, 1.65, 1.19] - 珂쇌：2026-02-28 15:48:09
2026-02-28 15:48:09,933 -  W_all is [ 7.4      20.2      26.6      19.8      64.200005  7.2      11.
 43.6     ] - 珂쇌：2026-02-28 15:48:09
2026-02-28 15:48:11,737 - Ep 100 | Reward: 1577.34 |  LR_Cont: 1.00e-04|true_time: 1015.75|avg_time: 947.38|avg_cost: 501.92 - 珂쇌：2026-02-28 15:48:11
2026-02-28 15:48:11,737 - uav_uti: 2234.12|dn_uti: 1071.29|cn_uti: 1162.83 - 珂쇌：2026-02-28 15:48:11
2026-02-28 15:48:11,737 - dn_contract [7780.0, 7221.0, 5567.0, 4952.0, 3234.0, 217.36, 207.26, 171.44, 157.78, 109.65] | cn_contract [[0, 3], [2, 4], [1], 6421.12, 5910.6, 4095.14, 6.55, 4.13, 0.92] - 珂쇌：2026-02-28 15:48:11
2026-02-28 15:48:11,738 -  W_all is [14.4      48.6      49.8       2.2      56.800003 15.2       7.6
  5.4     ] - 珂쇌：2026-02-28 15:48:11
2026-02-28 15:48:13,390 - Ep 110 | Reward: 1636.00 |  LR_Cont: 1.00e-04|true_time: 993.44|avg_time: 1012.38|avg_cost: 535.61 - 珂쇌：2026-02-28 15:48:13
2026-02-28 15:48:13,390 - uav_uti: 2131.23|dn_uti: 1053.90|cn_uti: 1077.32 - 珂쇌：2026-02-28 15:48:13
2026-02-28 15:48:13,390 - dn_contract [7875.0, 7626.0, 6836.0, 4967.0, 1830.0, 215.46, 212.46, 199.39, 145.87, 69.02] | cn_contract [[0, 1, 3], [2], [4], 10785.64, 3876.8, 1558.08, 3.9, 3.53, 0.75] - 珂쇌：2026-02-28 15:48:13
2026-02-28 15:48:13,391 -  W_all is [60.600002 50.       25.400002 11.8       4.       28.400002  3.6
 15.800001] - 珂쇌：2026-02-28 15:48:13
2026-02-28 15:48:15,075 - Ep 120 | Reward: 1651.73 |  LR_Cont: 1.00e-04|true_time: 1278.72|avg_time: 1053.32|avg_cost: 556.05 - 珂쇌：2026-02-28 15:48:15
2026-02-28 15:48:15,075 - uav_uti: 2156.22|dn_uti: 1040.61|cn_uti: 1115.61 - 珂쇌：2026-02-28 15:48:15
2026-02-28 15:48:15,075 - dn_contract [7590.0, 7171.0, 5469.0, 3781.0, 2712.0, 208.65, 202.67, 166.82, 121.36, 98.17] | cn_contract [[2, 4], [0, 3], [1], 5410.58, 5370.27, 4066.79, 8.23, 3.03, 0.46] - 珂쇌：2026-02-28 15:48:15
2026-02-28 15:48:15,075 -  W_all is [35.4 20.2 15.6 12.2 17.6 80.  12.8  6. ] - 珂쇌：2026-02-28 15:48:15
2026-02-28 15:48:16,913 - Ep 130 | Reward: 1669.59 |  LR_Cont: 1.00e-04|true_time: 937.88|avg_time: 1090.45|avg_cost: 576.69 - 珂쇌：2026-02-28 15:48:16
2026-02-28 15:48:16,913 - uav_uti: 2235.16|dn_uti: 1071.85|cn_uti: 1163.31 - 珂쇌：2026-02-28 15:48:16
2026-02-28 15:48:16,913 - dn_contract [8708.0, 8384.0, 6039.0, 4810.0, 2357.0, 236.18, 229.86, 178.36, 144.8, 85.17] | cn_contract [[0, 3], [2, 4], [1], 6563.22, 5431.59, 4754.7, 6.15, 5.14, 3.04] - 珂쇌：2026-02-28 15:48:16
2026-02-28 15:48:16,913 -  W_all is [11.4      41.600002 36.399998 32.4      14.599999 28.2      12.4
 23.199999] - 珂쇌：2026-02-28 15:48:16
2026-02-28 15:48:18,613 - Ep 140 | Reward: 1656.64 |  LR_Cont: 1.00e-04|true_time: 1086.65|avg_time: 1101.09|avg_cost: 582.51 - 珂쇌：2026-02-28 15:48:18
2026-02-28 15:48:18,613 - uav_uti: 2289.76|dn_uti: 1140.22|cn_uti: 1149.54 - 珂쇌：2026-02-28 15:48:18
2026-02-28 15:48:18,613 - dn_contract [9087.0, 8755.0, 6811.0, 6395.0, 5500.0, 264.25, 258.42, 217.5, 206.4, 183.97] | cn_contract [[1, 4], [0, 3], [2], 9647.86, 8020.12, 3862.63, 7.88, 6.07, 5.04] - 珂쇌：2026-02-28 15:48:18
2026-02-28 15:48:18,613 -  W_all is [15.800001 55.800003 13.        9.6      73.6       9.6       4.8
 17.6     ] - 珂쇌：2026-02-28 15:48:18
2026-02-28 15:48:20,414 - Ep 150 | Reward: 1664.19 |  LR_Cont: 1.00e-04|true_time: 1004.52|avg_time: 1111.38|avg_cost: 580.15 - 珂쇌：2026-02-28 15:48:20
2026-02-28 15:48:20,414 - uav_uti: 2276.68|dn_uti: 1084.37|cn_uti: 1192.31 - 珂쇌：2026-02-28 15:48:20
2026-02-28 15:48:20,414 - dn_contract [8486.0, 7160.0, 5746.0, 5108.0, 3545.0, 235.71, 209.53, 177.73, 160.14, 120.57] | cn_contract [[0, 1, 4], [3], [2], 9483.82, 4349.01, 3258.65, 3.08, 2.1, 1.05] - 珂쇌：2026-02-28 15:48:20
2026-02-28 15:48:20,414 -  W_all is [10.2      25.       39.       29.199999 61.       25.6       4.2
  5.4     ] - 珂쇌：2026-02-28 15:48:20
2026-02-28 15:48:22,125 - Ep 160 | Reward: 1628.67 |  LR_Cont: 1.00e-04|true_time: 1251.81|avg_time: 1161.85|avg_cost: 611.21 - 珂쇌：2026-02-28 15:48:22
2026-02-28 15:48:22,125 - uav_uti: 2128.09|dn_uti: 1127.39|cn_uti: 1000.70 - 珂쇌：2026-02-28 15:48:22
2026-02-28 15:48:22,126 - dn_contract [8409.0, 8304.0, 7604.0, 6021.0, 5087.0, 265.95, 251.68, 239.87, 193.93, 169.55] | cn_contract [[0, 2, 3], [1, 4], [], 11821.89, 9040.46, 0.0, 2.78, 2.04, 0.97] - 珂쇌：2026-02-28 15:48:22
2026-02-28 15:48:22,126 -  W_all is [  1.6         6.          2.4        12.8        13.2       129.20001
   2.6000001  32.4      ] - 珂쇌：2026-02-28 15:48:22
2026-02-28 15:48:24,171 - Ep 170 | Reward: 1699.73 |  LR_Cont: 1.00e-04|true_time: 1331.09|avg_time: 1102.40|avg_cost: 581.96 - 珂쇌：2026-02-28 15:48:24
2026-02-28 15:48:24,171 - uav_uti: 2517.39|dn_uti: 1179.02|cn_uti: 1338.37 - 珂쇌：2026-02-28 15:48:24
2026-02-28 15:48:24,171 - dn_contract [9860.0, 9238.0, 8786.0, 8459.0, 7212.0, 299.88, 287.62, 278.86, 272.03, 238.35] | cn_contract [[0, 2, 4], [3], [1], 13917.48, 7202.09, 5239.02, 4.76, 4.32, 0.92] - 珂쇌：2026-02-28 15:48:24
2026-02-28 15:48:24,171 -  W_all is [20.4       49.2       17.        53.600002  26.800001  26.
  1.6        5.6000004] - 珂쇌：2026-02-28 15:48:24
2026-02-28 15:48:26,259 - Ep 180 | Reward: 1666.58 |  LR_Cont: 1.00e-04|true_time: 892.16|avg_time: 1095.72|avg_cost: 585.91 - 珂쇌：2026-02-28 15:48:26
2026-02-28 15:48:26,259 - uav_uti: 2063.49|dn_uti: 1026.95|cn_uti: 1036.55 - 珂쇌：2026-02-28 15:48:26
2026-02-28 15:48:26,259 - dn_contract [7833.0, 6361.0, 4262.0, 4012.0, 2980.0, 221.37, 186.84, 136.52, 130.51, 103.16] | cn_contract [[0, 1, 3], [4], [2], 9243.24, 2537.2, 2417.05, 4.95, 3.75, 3.17] - 珂쇌：2026-02-28 15:48:26
2026-02-28 15:48:26,259 -  W_all is [ 2.8000002  4.2        6.8       47.        19.        99.4
  4.6       16.2      ] - 珂쇌：2026-02-28 15:48:26
2026-02-28 15:48:28,194 - Ep 190 | Reward: 1692.02 |  LR_Cont: 1.00e-04|true_time: 1125.69|avg_time: 1164.76|avg_cost: 624.16 - 珂쇌：2026-02-28 15:48:28
2026-02-28 15:48:28,194 - uav_uti: 2376.12|dn_uti: 1139.51|cn_uti: 1236.60 - 珂쇌：2026-02-28 15:48:28
2026-02-28 15:48:28,194 - dn_contract [9605.0, 9060.0, 6738.0, 6235.0, 5099.0, 276.25, 263.19, 213.87, 199.02, 172.91] | cn_contract [[0, 2, 4], [3], [1], 10884.73, 5308.55, 5138.07, 6.01, 4.78, 1.56] - 珂쇌：2026-02-28 15:48:28
2026-02-28 15:48:28,194 -  W_all is [ 5.6000004 61.799995  29.        53.600002  15.6       15.800001
  7.4       11.       ] - 珂쇌：2026-02-28 15:48:28
2026-02-28 15:48:30,034 - Ep 200 | Reward: 1662.48 |  LR_Cont: 1.00e-04|true_time: 1051.01|avg_time: 1178.53|avg_cost: 621.33 - 珂쇌：2026-02-28 15:48:30
2026-02-28 15:48:30,035 - uav_uti: 2312.36|dn_uti: 1078.93|cn_uti: 1233.43 - 珂쇌：2026-02-28 15:48:30
2026-02-28 15:48:30,035 - dn_contract [7215.0, 6689.0, 6176.0, 4890.0, 4514.0, 230.48, 205.64, 194.17, 161.06, 152.37] | cn_contract [[1, 4], [0, 3], [2], 7636.71, 6208.21, 3502.51, 1.91, 1.82, 0.98] - 珂쇌：2026-02-28 15:48:30
2026-02-28 15:48:30,035 -  W_all is [  2.        37.2       16.599998   8.4       23.199999 103.6
   0.2        8.8     ] - 珂쇌：2026-02-28 15:48:30
2026-02-28 15:48:31,789 - Ep 210 | Reward: 1675.99 |  LR_Cont: 1.00e-04|true_time: 1114.69|avg_time: 1281.67|avg_cost: 667.87 - 珂쇌：2026-02-28 15:48:31
2026-02-28 15:48:31,789 - uav_uti: 2344.49|dn_uti: 1121.45|cn_uti: 1223.04 - 珂쇌：2026-02-28 15:48:31
2026-02-28 15:48:31,789 - dn_contract [7978.0, 7445.0, 7123.0, 6031.0, 5573.0, 240.86, 233.04, 224.9, 197.6, 190.02] | cn_contract [[1, 4], [0, 2], [3], 8967.09, 6300.61, 5134.86, 7.79, 2.19, 1.65] - 珂쇌：2026-02-28 15:48:31
2026-02-28 15:48:31,790 -  W_all is [19.   8.4 92.  17.6  8.2 50.4  0.6  4.2] - 珂쇌：2026-02-28 15:48:31
2026-02-28 15:48:33,591 - Ep 220 | Reward: 1670.96 |  LR_Cont: 1.00e-04|true_time: 1646.93|avg_time: 1364.37|avg_cost: 715.38 - 珂쇌：2026-02-28 15:48:33
2026-02-28 15:48:33,591 - uav_uti: 2495.89|dn_uti: 1147.47|cn_uti: 1348.42 - 珂쇌：2026-02-28 15:48:33
2026-02-28 15:48:33,591 - dn_contract [8809.0, 8670.0, 7476.0, 6827.0, 6153.0, 267.64, 264.48, 241.35, 220.32, 206.72] | cn_contract [[1, 4], [0, 3], [2], 10155.63, 8309.15, 4239.76, 1.99, 1.87, 0.31] - 珂쇌：2026-02-28 15:48:33
2026-02-28 15:48:33,592 -  W_all is [42.399998 18.       17.2      16.8      17.800001 68.        1.2
 18.6     ] - 珂쇌：2026-02-28 15:48:33
2026-02-28 15:48:35,453 - Ep 230 | Reward: 1647.34 |  LR_Cont: 1.00e-04|true_time: 1093.25|avg_time: 1391.57|avg_cost: 723.49 - 珂쇌：2026-02-28 15:48:35
2026-02-28 15:48:35,453 - uav_uti: 2047.56|dn_uti: 1125.03|cn_uti: 922.53 - 珂쇌：2026-02-28 15:48:35
2026-02-28 15:48:35,453 - dn_contract [8716.0, 8603.0, 6691.0, 5810.0, 4956.0, 257.48, 257.22, 209.89, 187.15, 166.61] | cn_contract [[0, 1, 3], [2, 4], [], 12295.8, 8014.16, 0.0, 5.34, 4.19, 2.2] - 珂쇌：2026-02-28 15:48:35
2026-02-28 15:48:35,453 -  W_all is [  5.6000004   5.2000003 105.4        18.          8.         15.800001
   1.         40.8      ] - 珂쇌：2026-02-28 15:48:35
2026-02-28 15:48:37,368 - Ep 240 | Reward: 1733.01 |  LR_Cont: 1.00e-04|true_time: 1396.84|avg_time: 1343.05|avg_cost: 705.83 - 珂쇌：2026-02-28 15:48:37
2026-02-28 15:48:37,368 - uav_uti: 2424.87|dn_uti: 1171.63|cn_uti: 1253.23 - 珂쇌：2026-02-28 15:48:37
2026-02-28 15:48:37,368 - dn_contract [9653.0, 9437.0, 8550.0, 8371.0, 5743.0, 286.48, 287.22, 264.19, 260.08, 192.26] | cn_contract [[0, 1, 4], [3], [2], 12977.29, 7127.16, 4848.84, 7.55, 2.36, 2.28] - 珂쇌：2026-02-28 15:48:37
2026-02-28 15:48:37,368 -  W_all is [ 22.    4.4  17.4   3.8  12.6 131.4   0.8   7.4] - 珂쇌：2026-02-28 15:48:37
2026-02-28 15:48:39,232 - Ep 250 | Reward: 1716.42 |  LR_Cont: 1.00e-04|true_time: 1346.54|avg_time: 1335.87|avg_cost: 698.37 - 珂쇌：2026-02-28 15:48:39
2026-02-28 15:48:39,232 - uav_uti: 2503.65|dn_uti: 1170.01|cn_uti: 1333.64 - 珂쇌：2026-02-28 15:48:39
2026-02-28 15:48:39,232 - dn_contract [9685.0, 9246.0, 8835.0, 8602.0, 5300.0, 286.94, 283.11, 269.46, 263.46, 178.8] | cn_contract [[0, 3], [1, 4], [2], 10068.67, 9756.03, 5010.47, 5.69, 2.92, 1.65] - 珂쇌：2026-02-28 15:48:39
2026-02-28 15:48:39,232 -  W_all is [10.   6.6 58.   4.6  4.  96.8  0.8 19.2] - 珂쇌：2026-02-28 15:48:39
2026-02-28 15:48:40,988 - Ep 260 | Reward: 1680.94 |  LR_Cont: 1.00e-04|true_time: 1341.20|avg_time: 1389.88|avg_cost: 724.58 - 珂쇌：2026-02-28 15:48:40
2026-02-28 15:48:40,988 - uav_uti: 2448.44|dn_uti: 1159.52|cn_uti: 1288.91 - 珂쇌：2026-02-28 15:48:40
2026-02-28 15:48:40,988 - dn_contract [9477.0, 9398.0, 7486.0, 7323.0, 6111.0, 280.67, 279.2, 239.38, 234.0, 210.06] | cn_contract [[0, 1, 3], [4], [2], 14250.52, 5202.97, 4245.43, 3.8, 3.65, 2.21] - 珂쇌：2026-02-28 15:48:40
2026-02-28 15:48:40,989 -  W_all is [38.2      76.4      20.800001 13.        1.8      26.4       0.8
 22.6     ] - 珂쇌：2026-02-28 15:48:40
2026-02-28 15:48:42,826 - Ep 270 | Reward: 1674.56 |  LR_Cont: 1.00e-04|true_time: 1140.42|avg_time: 1452.32|avg_cost: 760.09 - 珂쇌：2026-02-28 15:48:42
2026-02-28 15:48:42,826 - uav_uti: 2368.94|dn_uti: 1127.68|cn_uti: 1241.26 - 珂쇌：2026-02-28 15:48:42
2026-02-28 15:48:42,826 - dn_contract [9813.0, 9619.0, 6641.0, 5338.0, 4339.0, 274.65, 273.94, 206.82, 170.77, 145.65] | cn_contract [[0, 1, 4], [3], [2], 11930.47, 4544.83, 3766.22, 3.93, 1.71, 0.78] - 珂쇌：2026-02-28 15:48:42
2026-02-28 15:48:42,826 -  W_all is [18.4      10.599999 39.8      19.400002 16.599998 46.        0.8
 48.4     ] - 珂쇌：2026-02-28 15:48:42
2026-02-28 15:48:44,617 - Ep 280 | Reward: 1641.16 |  LR_Cont: 1.00e-04|true_time: 1342.83|avg_time: 1399.64|avg_cost: 733.55 - 珂쇌：2026-02-28 15:48:44
2026-02-28 15:48:44,618 - uav_uti: 2150.41|dn_uti: 1138.34|cn_uti: 1012.06 - 珂쇌：2026-02-28 15:48:44
2026-02-28 15:48:44,618 - dn_contract [9938.0, 9170.0, 7131.0, 5784.0, 4874.0, 281.19, 266.96, 225.31, 187.95, 162.9] | cn_contract [[0, 2, 4], [1, 3], [], 11010.41, 10125.01, 0.0, 2.49, 1.83, 1.45] - 珂쇌：2026-02-28 15:48:44
2026-02-28 15:48:44,618 -  W_all is [84.2      18.199999  4.6       6.       42.6      29.199999  1.2
 14.      ] - 珂쇌：2026-02-28 15:48:44
2026-02-28 15:48:46,323 - Ep 290 | Reward: 1658.89 |  LR_Cont: 1.00e-04|true_time: 1406.93|avg_time: 1415.31|avg_cost: 745.58 - 珂쇌：2026-02-28 15:48:46
2026-02-28 15:48:46,323 - uav_uti: 2546.84|dn_uti: 1165.28|cn_uti: 1381.55 - 珂쇌：2026-02-28 15:48:46
2026-02-28 15:48:46,323 - dn_contract [9772.0, 9498.0, 8615.0, 7035.0, 6315.0, 291.89, 292.83, 273.04, 227.35, 211.56] | cn_contract [[1, 4], [0, 3], [2], 10763.13, 8759.16, 4885.7, 2.5, 1.75, 1.14] - 珂쇌：2026-02-28 15:48:46
2026-02-28 15:48:46,323 -  W_all is [25.         5.6000004 41.2        4.8       15.000001  88.
  0.6       19.8      ] - 珂쇌：2026-02-28 15:48:46
2026-02-28 15:48:48,279 - Ep 300 | Reward: 1618.14 |  LR_Cont: 1.00e-04|true_time: 1243.91|avg_time: 1472.04|avg_cost: 772.46 - 珂쇌：2026-02-28 15:48:48
2026-02-28 15:48:48,280 - uav_uti: 2434.09|dn_uti: 1140.25|cn_uti: 1293.84 - 珂쇌：2026-02-28 15:48:48
2026-02-28 15:48:48,280 - dn_contract [9544.0, 9119.0, 7267.0, 5835.0, 5234.0, 275.31, 269.14, 228.05, 189.62, 176.05] | cn_contract [[0, 1, 4], [3], [2], 12332.68, 4967.98, 4121.23, 2.43, 1.28, 0.69] - 珂쇌：2026-02-28 15:48:48
2026-02-28 15:48:48,280 -  W_all is [ 17.6         5.4         5.2000003  47.4         7.6       109.4
   4.2         3.2      ] - 珂쇌：2026-02-28 15:48:48
2026-02-28 15:48:50,212 - Ep 310 | Reward: 1705.64 |  LR_Cont: 1.00e-04|true_time: 1269.83|avg_time: 1288.82|avg_cost: 683.36 - 珂쇌：2026-02-28 15:48:50
2026-02-28 15:48:50,213 - uav_uti: 2489.31|dn_uti: 1173.41|cn_uti: 1315.90 - 珂쇌：2026-02-28 15:48:50
2026-02-28 15:48:50,213 - dn_contract [9825.0, 9529.0, 9231.0, 7608.0, 6450.0, 296.05, 294.68, 289.8, 241.59, 217.19] | cn_contract [[1, 4], [0, 2], [3], 10895.65, 8019.55, 6477.53, 6.09, 4.32, 3.27] - 珂쇌：2026-02-28 15:48:50
2026-02-28 15:48:50,213 -  W_all is [36.399998  6.2      29.       38.4       4.       75.        4.2
  6.8     ] - 珂쇌：2026-02-28 15:48:50
2026-02-28 15:48:52,213 - Ep 320 | Reward: 1671.74 |  LR_Cont: 1.00e-04|true_time: 1047.30|avg_time: 1361.25|avg_cost: 713.43 - 珂쇌：2026-02-28 15:48:52
2026-02-28 15:48:52,213 - uav_uti: 2351.22|dn_uti: 1100.20|cn_uti: 1251.02 - 珂쇌：2026-02-28 15:48:52
2026-02-28 15:48:52,213 - dn_contract [8042.0, 7601.0, 6337.0, 5067.0, 4607.0, 234.26, 229.19, 200.95, 164.75, 156.1] | cn_contract [[1, 4], [0, 3], [2], 8233.1, 6593.29, 3593.81, 2.71, 1.99, 1.19] - 珂쇌：2026-02-28 15:48:52
2026-02-28 15:48:52,213 -  W_all is [16.8        6.8       21.        60.2       48.8       43.2
  0.4        2.8000002] - 珂쇌：2026-02-28 15:48:52
2026-02-28 15:48:53,878 - Ep 330 | Reward: 1702.76 |  LR_Cont: 1.00e-04|true_time: 1128.59|avg_time: 1311.08|avg_cost: 696.08 - 珂쇌：2026-02-28 15:48:53
2026-02-28 15:48:53,878 - uav_uti: 2352.13|dn_uti: 1126.96|cn_uti: 1225.16 - 珂쇌：2026-02-28 15:48:53
2026-02-28 15:48:53,878 - dn_contract [8576.0, 8335.0, 6891.0, 5843.0, 5201.0, 254.2, 249.01, 218.2, 189.07, 173.87] | cn_contract [[1, 4], [0, 3], [2], 9155.1, 7405.32, 3907.99, 7.05, 2.46, 1.17] - 珂쇌：2026-02-28 15:48:53
2026-02-28 15:48:53,879 -  W_all is [27.2      18.       80.6      11.8      14.4      36.        0.8
 11.200001] - 珂쇌：2026-02-28 15:48:53
2026-02-28 15:48:55,587 - Ep 340 | Reward: 1700.50 |  LR_Cont: 1.00e-04|true_time: 1555.98|avg_time: 1332.57|avg_cost: 708.08 - 珂쇌：2026-02-28 15:48:55
2026-02-28 15:48:55,587 - uav_uti: 2592.72|dn_uti: 1175.27|cn_uti: 1417.45 - 珂쇌：2026-02-28 15:48:55
2026-02-28 15:48:55,587 - dn_contract [9639.0, 9307.0, 8845.0, 8412.0, 7736.0, 297.17, 298.13, 285.56, 274.07, 266.72] | cn_contract [[1, 4], [0, 3], [2], 11864.66, 9893.86, 5016.14, 2.62, 1.77, 0.83] - 珂쇌：2026-02-28 15:48:55
2026-02-28 15:48:55,589 -  W_all is [165.40001     5.4         2.6000001   5.4         1.4000001  14.
   1.8         4.       ] - 珂쇌：2026-02-28 15:48:55
2026-02-28 15:48:57,392 - Ep 350 | Reward: 1696.69 |  LR_Cont: 1.00e-04|true_time: 1136.15|avg_time: 1395.23|avg_cost: 735.84 - 珂쇌：2026-02-28 15:48:57
2026-02-28 15:48:57,392 - uav_uti: 2377.01|dn_uti: 1135.79|cn_uti: 1241.23 - 珂쇌：2026-02-28 15:48:57
2026-02-28 15:48:57,392 - dn_contract [9605.0, 9443.0, 6194.0, 6027.0, 5355.0, 275.28, 274.82, 204.35, 194.67, 182.0] | cn_contract [[0, 2, 3], [1], [4], 11366.33, 5355.27, 4559.31, 5.4, 4.3, 1.84] - 珂쇌：2026-02-28 15:48:57
2026-02-28 15:48:57,392 -  W_all is [32.8       6.       15.000001 71.200005  7.2      35.600002  0.6
 32.      ] - 珂쇌：2026-02-28 15:48:57
2026-02-28 15:48:59,104 - Ep 360 | Reward: 1704.48 |  LR_Cont: 1.00e-04|true_time: 1649.95|avg_time: 1343.81|avg_cost: 708.89 - 珂쇌：2026-02-28 15:48:59
2026-02-28 15:48:59,104 - uav_uti: 2512.04|dn_uti: 1164.28|cn_uti: 1347.76 - 珂쇌：2026-02-28 15:48:59
2026-02-28 15:48:59,104 - dn_contract [9217.0, 8937.0, 8228.0, 8142.0, 6127.0, 277.02, 272.4, 265.91, 258.0, 204.55] | cn_contract [[1, 4], [0, 2], [3], 10284.91, 7278.42, 6932.19, 5.3, 3.52, 0.9] - 珂쇌：2026-02-28 15:48:59
2026-02-28 15:48:59,104 -  W_all is [73.6       22.8        2.8000002 13.799999  10.2       59.399998
  0.6       16.599998 ] - 珂쇌：2026-02-28 15:48:59
2026-02-28 15:49:00,852 - Ep 370 | Reward: 1702.74 |  LR_Cont: 1.00e-04|true_time: 1238.40|avg_time: 1361.87|avg_cost: 714.65 - 珂쇌：2026-02-28 15:49:00
2026-02-28 15:49:00,852 - uav_uti: 2469.06|dn_uti: 1137.13|cn_uti: 1331.94 - 珂쇌：2026-02-28 15:49:00
2026-02-28 15:49:00,852 - dn_contract [8131.0, 7946.0, 7214.0, 7070.0, 5721.0, 246.34, 246.43, 231.35, 223.37, 191.85] | cn_contract [[2, 4], [0, 3], [1], 8962.1, 8323.89, 4506.3, 2.39, 2.37, 0.94] - 珂쇌：2026-02-28 15:49:00
2026-02-28 15:49:00,852 -  W_all is [104.799995   18.8         7.         24.2        14.8        13.2
   2.6000001  14.4      ] - 珂쇌：2026-02-28 15:49:00
2026-02-28 15:49:02,673 - Ep 380 | Reward: 1704.11 |  LR_Cont: 1.00e-04|true_time: 1301.71|avg_time: 1397.17|avg_cost: 734.72 - 珂쇌：2026-02-28 15:49:02
2026-02-28 15:49:02,673 - uav_uti: 2457.63|dn_uti: 1155.31|cn_uti: 1302.32 - 珂쇌：2026-02-28 15:49:02
2026-02-28 15:49:02,673 - dn_contract [9156.0, 9113.0, 7319.0, 7009.0, 6786.0, 276.82, 279.24, 239.72, 229.05, 226.14] | cn_contract [[2, 4], [0, 3], [1], 9928.4, 8562.45, 5168.13, 6.66, 2.25, 1.88] - 珂쇌：2026-02-28 15:49:02
2026-02-28 15:49:02,673 -  W_all is [46.       12.8       6.       81.2      10.       16.599998  0.
 27.4     ] - 珂쇌：2026-02-28 15:49:02
2026-02-28 15:49:04,380 - Ep 390 | Reward: 1681.78 |  LR_Cont: 1.00e-04|true_time: 1465.74|avg_time: 1353.84|avg_cost: 718.00 - 珂쇌：2026-02-28 15:49:04
2026-02-28 15:49:04,380 - uav_uti: 2468.55|dn_uti: 1134.71|cn_uti: 1333.84 - 珂쇌：2026-02-28 15:49:04
2026-02-28 15:49:04,380 - dn_contract [9486.0, 8784.0, 6454.0, 6248.0, 4999.0, 267.66, 255.5, 208.63, 199.63, 169.19] | cn_contract [[0, 3], [2, 4], [1], 8008.05, 7916.37, 4981.54, 1.82, 0.88, 0.83] - 珂쇌：2026-02-28 15:49:04
2026-02-28 15:49:04,380 -  W_all is [47.2      24.6       6.6      87.6       3.4      25.400002  0.4
  4.8     ] - 珂쇌：2026-02-28 15:49:04
2026-02-28 15:49:06,182 - Ep 400 | Reward: 1656.69 |  LR_Cont: 1.00e-04|true_time: 1606.49|avg_time: 1294.90|avg_cost: 698.89 - 珂쇌：2026-02-28 15:49:06
2026-02-28 15:49:06,182 - uav_uti: 2475.74|dn_uti: 1142.17|cn_uti: 1333.56 - 珂쇌：2026-02-28 15:49:06
2026-02-28 15:49:06,182 - dn_contract [8765.0, 8675.0, 7215.0, 6735.0, 5883.0, 263.1, 263.92, 233.63, 216.55, 204.04] | cn_contract [[2, 4], [0, 3], [1], 9100.59, 8218.35, 4919.73, 4.05, 1.68, 0.41] - 珂쇌：2026-02-28 15:49:06
2026-02-28 15:49:06,183 -  W_all is [23.199999   5.         3.2       40.         2.6000001 30.199999
  0.2       95.4      ] - 珂쇌：2026-02-28 15:49:06
2026-02-28 15:49:07,884 - Ep 410 | Reward: 1677.71 |  LR_Cont: 1.00e-04|true_time: 1510.56|avg_time: 1214.18|avg_cost: 659.34 - 珂쇌：2026-02-28 15:49:07
2026-02-28 15:49:07,884 - uav_uti: 2504.42|dn_uti: 1168.86|cn_uti: 1335.56 - 珂쇌：2026-02-28 15:49:07
2026-02-28 15:49:07,884 - dn_contract [9546.0, 9423.0, 8391.0, 8144.0, 7854.0, 294.88, 314.78, 282.73, 264.05, 265.48] | cn_contract [[1, 4], [0, 3], [2], 12030.91, 9639.33, 4758.67, 6.4, 1.81, 0.62] - 珂쇌：2026-02-28 15:49:07
2026-02-28 15:49:07,884 -  W_all is [119.00001    0.8        1.2       36.6        1.6       36.399998
   0.4        4.      ] - 珂쇌：2026-02-28 15:49:07
2026-02-28 15:49:09,701 - Ep 420 | Reward: 1668.57 |  LR_Cont: 1.00e-04|true_time: 855.33|avg_time: 1164.55|avg_cost: 616.11 - 珂쇌：2026-02-28 15:49:09
2026-02-28 15:49:09,701 - uav_uti: 1895.50|dn_uti: 1066.68|cn_uti: 828.83 - 珂쇌：2026-02-28 15:49:09
2026-02-28 15:49:09,701 - dn_contract [6316.0, 6302.0, 5396.0, 5351.0, 4630.0, 193.2, 206.11, 177.0, 173.44, 155.98] | cn_contract [[0, 2, 3], [1, 4], [], 9406.08, 7516.0, 0.0, 8.13, 3.8, 2.27] - 珂쇌：2026-02-28 15:49:09
2026-02-28 15:49:09,702 -  W_all is [51.        1.8       4.       31.       24.       61.199997  0.8
 26.199999] - 珂쇌：2026-02-28 15:49:09
2026-02-28 15:49:11,547 - Ep 430 | Reward: 1706.78 |  LR_Cont: 1.00e-04|true_time: 1145.58|avg_time: 1250.12|avg_cost: 659.83 - 珂쇌：2026-02-28 15:49:11
2026-02-28 15:49:11,548 - uav_uti: 2400.80|dn_uti: 1143.57|cn_uti: 1257.23 - 珂쇌：2026-02-28 15:49:11
2026-02-28 15:49:11,548 - dn_contract [9499.0, 9317.0, 6773.0, 6633.0, 5088.0, 271.72, 268.64, 215.02, 209.19, 178.53] | cn_contract [[0, 2, 4], [3], [1], 10865.17, 5647.41, 5283.82, 6.13, 3.55, 1.48] - 珂쇌：2026-02-28 15:49:11
2026-02-28 15:49:11,548 -  W_all is [14.599999 42.8      19.6      42.8       1.2      43.        2.
 34.2     ] - 珂쇌：2026-02-28 15:49:11
2026-02-28 15:49:13,419 - Ep 440 | Reward: 1677.37 |  LR_Cont: 1.00e-04|true_time: 1347.80|avg_time: 1139.93|avg_cost: 619.11 - 珂쇌：2026-02-28 15:49:13
2026-02-28 15:49:13,419 - uav_uti: 2441.71|dn_uti: 1174.44|cn_uti: 1267.27 - 珂쇌：2026-02-28 15:49:13
2026-02-28 15:49:13,419 - dn_contract [9574.0, 9516.0, 8320.0, 8279.0, 7865.0, 296.41, 297.79, 279.24, 271.29, 259.73] | cn_contract [[1, 4], [0, 3], [2], 12093.02, 9762.2, 4718.4, 7.82, 3.99, 1.74] - 珂쇌：2026-02-28 15:49:13
2026-02-28 15:49:13,419 -  W_all is [48.4 10.8  3.  55.6 13.2 52.   0.4 16.4] - 珂쇌：2026-02-28 15:49:13
2026-02-28 15:49:15,460 - Ep 450 | Reward: 1692.78 |  LR_Cont: 1.00e-04|true_time: 1170.47|avg_time: 1198.16|avg_cost: 650.11 - 珂쇌：2026-02-28 15:49:15
2026-02-28 15:49:15,460 - uav_uti: 2413.10|dn_uti: 1143.41|cn_uti: 1269.69 - 珂쇌：2026-02-28 15:49:15
2026-02-28 15:49:15,460 - dn_contract [8818.0, 8813.0, 6986.0, 6822.0, 6050.0, 263.66, 266.52, 227.62, 222.28, 209.1] | cn_contract [[1, 4], [0, 2], [3], 10149.03, 6460.98, 5808.33, 6.01, 4.62, 2.61] - 珂쇌：2026-02-28 15:49:15
2026-02-28 15:49:15,461 -  W_all is [83.4 33.8  3.2 34.4  1.2 24.8  0.6 18.6] - 珂쇌：2026-02-28 15:49:15
2026-02-28 15:49:17,226 - Ep 460 | Reward: 1717.33 |  LR_Cont: 1.00e-04|true_time: 1191.37|avg_time: 1120.26|avg_cost: 612.87 - 珂쇌：2026-02-28 15:49:17
2026-02-28 15:49:17,226 - uav_uti: 2416.43|dn_uti: 1142.72|cn_uti: 1273.71 - 珂쇌：2026-02-28 15:49:17
2026-02-28 15:49:17,226 - dn_contract [9745.0, 9733.0, 6797.0, 6580.0, 4548.0, 273.27, 277.47, 216.31, 205.93, 154.35] | cn_contract [[1, 4], [0, 3], [2], 9391.95, 8364.12, 3854.69, 4.51, 3.68, 2.78] - 珂쇌：2026-02-28 15:49:17
2026-02-28 15:49:17,227 -  W_all is [95.200005   6.6        3.6       15.6        5.7999997 69.4
  0.2        3.8      ] - 珂쇌：2026-02-28 15:49:17
2026-02-28 15:49:19,369 - Ep 470 | Reward: 1701.78 |  LR_Cont: 1.00e-04|true_time: 775.32|avg_time: 1160.98|avg_cost: 623.00 - 珂쇌：2026-02-28 15:49:19
2026-02-28 15:49:19,369 - uav_uti: 1887.37|dn_uti: 1019.97|cn_uti: 867.40 - 珂쇌：2026-02-28 15:49:19
2026-02-28 15:49:19,369 - dn_contract [6182.0, 6173.0, 4138.0, 4073.0, 3516.0, 179.67, 182.2, 138.61, 132.75, 120.89] | cn_contract [[0, 2, 3], [1, 4], [], 7566.57, 6494.37, 0.0, 4.37, 2.73, 1.1] - 珂쇌：2026-02-28 15:49:19
2026-02-28 15:49:19,370 -  W_all is [14.200001 53.8      10.2      20.800001 17.       52.999996  0.2
 31.      ] - 珂쇌：2026-02-28 15:49:19
